<?xml version="1.0" encoding="UTF-8"?>
<testsuite xmlns:xsi="http://www.w3.org/2001/XMLSchema-instance" xsi:noNamespaceSchemaLocation="https://maven.apache.org/surefire/maven-surefire-plugin/xsd/surefire-test-report.xsd" name="com.yihang.serp.SerpApplicationTests" time="34.696" tests="1" errors="1" skipped="0" failures="0">
  <properties>
    <property name="sun.desktop" value="windows"/>
    <property name="awt.toolkit" value="sun.awt.windows.WToolkit"/>
    <property name="file.encoding.pkg" value="sun.io"/>
    <property name="java.specification.version" value="1.8"/>
    <property name="sun.cpu.isalist" value="amd64"/>
    <property name="sun.jnu.encoding" value="GBK"/>
    <property name="java.class.path" value="E:\YihangJou\erp\serp\erpserver\erp-web\target\test-classes;E:\YihangJou\erp\serp\erpserver\erp-web\target\classes;E:\YihangJou\erp\serp\erpserver\erp-service\target\erp-service-1.0-SNAPSHOT.jar;E:\YihangJou\erp\serp\erpserver\erp-mapper\target\erp-mapper-1.0-SNAPSHOT.jar;E:\YihangJou\erp\serp\erpserver\erp-model\target\erp-model-1.0-SNAPSHOT.jar;D:\Win10-Program Files\Maven\apache-maven-3.6.2\local_jar_home\org\springframework\boot\spring-boot-starter-security\2.1.8.RELEASE\spring-boot-starter-security-2.1.8.RELEASE.jar;D:\Win10-Program Files\Maven\apache-maven-3.6.2\local_jar_home\org\springframework\security\spring-security-config\5.1.6.RELEASE\spring-security-config-5.1.6.RELEASE.jar;D:\Win10-Program Files\Maven\apache-maven-3.6.2\local_jar_home\org\mybatis\spring\boot\mybatis-spring-boot-starter\2.1.1\mybatis-spring-boot-starter-2.1.1.jar;D:\Win10-Program Files\Maven\apache-maven-3.6.2\local_jar_home\org\springframework\boot\spring-boot-starter-jdbc\2.1.8.RELEASE\spring-boot-starter-jdbc-2.1.8.RELEASE.jar;D:\Win10-Program Files\Maven\apache-maven-3.6.2\local_jar_home\com\zaxxer\HikariCP\3.2.0\HikariCP-3.2.0.jar;D:\Win10-Program Files\Maven\apache-maven-3.6.2\local_jar_home\org\springframework\spring-jdbc\5.1.9.RELEASE\spring-jdbc-5.1.9.RELEASE.jar;D:\Win10-Program Files\Maven\apache-maven-3.6.2\local_jar_home\org\mybatis\spring\boot\mybatis-spring-boot-autoconfigure\2.1.1\mybatis-spring-boot-autoconfigure-2.1.1.jar;D:\Win10-Program Files\Maven\apache-maven-3.6.2\local_jar_home\org\mybatis\mybatis\3.5.3\mybatis-3.5.3.jar;D:\Win10-Program Files\Maven\apache-maven-3.6.2\local_jar_home\org\mybatis\mybatis-spring\2.0.3\mybatis-spring-2.0.3.jar;D:\Win10-Program Files\Maven\apache-maven-3.6.2\local_jar_home\org\flywaydb\flyway-core\5.2.4\flyway-core-5.2.4.jar;D:\Win10-Program Files\Maven\apache-maven-3.6.2\local_jar_home\com\alibaba\druid-spring-boot-starter\1.1.10\druid-spring-boot-starter-1.1.10.jar;D:\Win10-Program Files\Maven\apache-maven-3.6.2\local_jar_home\com\alibaba\druid\1.1.10\druid-1.1.10.jar;D:\Win10-Program Files\Maven\apache-maven-3.6.2\local_jar_home\org\springframework\boot\spring-boot-starter-data-redis\2.1.8.RELEASE\spring-boot-starter-data-redis-2.1.8.RELEASE.jar;D:\Win10-Program Files\Maven\apache-maven-3.6.2\local_jar_home\org\springframework\data\spring-data-redis\2.1.10.RELEASE\spring-data-redis-2.1.10.RELEASE.jar;D:\Win10-Program Files\Maven\apache-maven-3.6.2\local_jar_home\org\springframework\data\spring-data-keyvalue\2.1.10.RELEASE\spring-data-keyvalue-2.1.10.RELEASE.jar;D:\Win10-Program Files\Maven\apache-maven-3.6.2\local_jar_home\org\springframework\data\spring-data-commons\2.1.10.RELEASE\spring-data-commons-2.1.10.RELEASE.jar;D:\Win10-Program Files\Maven\apache-maven-3.6.2\local_jar_home\org\springframework\spring-tx\5.1.9.RELEASE\spring-tx-5.1.9.RELEASE.jar;D:\Win10-Program Files\Maven\apache-maven-3.6.2\local_jar_home\org\springframework\spring-oxm\5.1.9.RELEASE\spring-oxm-5.1.9.RELEASE.jar;D:\Win10-Program Files\Maven\apache-maven-3.6.2\local_jar_home\io\lettuce\lettuce-core\5.1.8.RELEASE\lettuce-core-5.1.8.RELEASE.jar;D:\Win10-Program Files\Maven\apache-maven-3.6.2\local_jar_home\io\netty\netty-common\4.1.39.Final\netty-common-4.1.39.Final.jar;D:\Win10-Program Files\Maven\apache-maven-3.6.2\local_jar_home\io\netty\netty-handler\4.1.39.Final\netty-handler-4.1.39.Final.jar;D:\Win10-Program Files\Maven\apache-maven-3.6.2\local_jar_home\io\netty\netty-buffer\4.1.39.Final\netty-buffer-4.1.39.Final.jar;D:\Win10-Program Files\Maven\apache-maven-3.6.2\local_jar_home\io\netty\netty-codec\4.1.39.Final\netty-codec-4.1.39.Final.jar;D:\Win10-Program Files\Maven\apache-maven-3.6.2\local_jar_home\io\netty\netty-transport\4.1.39.Final\netty-transport-4.1.39.Final.jar;D:\Win10-Program Files\Maven\apache-maven-3.6.2\local_jar_home\io\netty\netty-resolver\4.1.39.Final\netty-resolver-4.1.39.Final.jar;D:\Win10-Program Files\Maven\apache-maven-3.6.2\local_jar_home\io\projectreactor\reactor-core\3.2.12.RELEASE\reactor-core-3.2.12.RELEASE.jar;D:\Win10-Program Files\Maven\apache-maven-3.6.2\local_jar_home\org\reactivestreams\reactive-streams\1.0.3\reactive-streams-1.0.3.jar;D:\Win10-Program Files\Maven\apache-maven-3.6.2\local_jar_home\org\springframework\boot\spring-boot-starter-cache\2.1.8.RELEASE\spring-boot-starter-cache-2.1.8.RELEASE.jar;D:\Win10-Program Files\Maven\apache-maven-3.6.2\local_jar_home\org\springframework\spring-context-support\5.1.9.RELEASE\spring-context-support-5.1.9.RELEASE.jar;D:\Win10-Program Files\Maven\apache-maven-3.6.2\local_jar_home\org\springframework\boot\spring-boot-starter-amqp\2.1.8.RELEASE\spring-boot-starter-amqp-2.1.8.RELEASE.jar;D:\Win10-Program Files\Maven\apache-maven-3.6.2\local_jar_home\org\springframework\amqp\spring-rabbit\2.1.8.RELEASE\spring-rabbit-2.1.8.RELEASE.jar;D:\Win10-Program Files\Maven\apache-maven-3.6.2\local_jar_home\org\springframework\amqp\spring-amqp\2.1.8.RELEASE\spring-amqp-2.1.8.RELEASE.jar;D:\Win10-Program Files\Maven\apache-maven-3.6.2\local_jar_home\org\springframework\retry\spring-retry\1.2.4.RELEASE\spring-retry-1.2.4.RELEASE.jar;D:\Win10-Program Files\Maven\apache-maven-3.6.2\local_jar_home\com\rabbitmq\amqp-client\5.4.3\amqp-client-5.4.3.jar;D:\Win10-Program Files\Maven\apache-maven-3.6.2\local_jar_home\mysql\mysql-connector-java\8.0.17\mysql-connector-java-8.0.17.jar;D:\Win10-Program Files\Maven\apache-maven-3.6.2\local_jar_home\org\springframework\boot\spring-boot-starter-websocket\2.1.8.RELEASE\spring-boot-starter-websocket-2.1.8.RELEASE.jar;D:\Win10-Program Files\Maven\apache-maven-3.6.2\local_jar_home\org\springframework\boot\spring-boot-starter-web\2.1.8.RELEASE\spring-boot-starter-web-2.1.8.RELEASE.jar;D:\Win10-Program Files\Maven\apache-maven-3.6.2\local_jar_home\org\springframework\boot\spring-boot-starter-json\2.1.8.RELEASE\spring-boot-starter-json-2.1.8.RELEASE.jar;D:\Win10-Program Files\Maven\apache-maven-3.6.2\local_jar_home\com\fasterxml\jackson\core\jackson-databind\2.9.9.3\jackson-databind-2.9.9.3.jar;D:\Win10-Program Files\Maven\apache-maven-3.6.2\local_jar_home\com\fasterxml\jackson\core\jackson-core\2.9.9\jackson-core-2.9.9.jar;D:\Win10-Program Files\Maven\apache-maven-3.6.2\local_jar_home\com\fasterxml\jackson\datatype\jackson-datatype-jdk8\2.9.9\jackson-datatype-jdk8-2.9.9.jar;D:\Win10-Program Files\Maven\apache-maven-3.6.2\local_jar_home\com\fasterxml\jackson\datatype\jackson-datatype-jsr310\2.9.9\jackson-datatype-jsr310-2.9.9.jar;D:\Win10-Program Files\Maven\apache-maven-3.6.2\local_jar_home\com\fasterxml\jackson\module\jackson-module-parameter-names\2.9.9\jackson-module-parameter-names-2.9.9.jar;D:\Win10-Program Files\Maven\apache-maven-3.6.2\local_jar_home\org\springframework\boot\spring-boot-starter-tomcat\2.1.8.RELEASE\spring-boot-starter-tomcat-2.1.8.RELEASE.jar;D:\Win10-Program Files\Maven\apache-maven-3.6.2\local_jar_home\org\apache\tomcat\embed\tomcat-embed-core\9.0.24\tomcat-embed-core-9.0.24.jar;D:\Win10-Program Files\Maven\apache-maven-3.6.2\local_jar_home\org\apache\tomcat\embed\tomcat-embed-el\9.0.24\tomcat-embed-el-9.0.24.jar;D:\Win10-Program Files\Maven\apache-maven-3.6.2\local_jar_home\org\apache\tomcat\embed\tomcat-embed-websocket\9.0.24\tomcat-embed-websocket-9.0.24.jar;D:\Win10-Program Files\Maven\apache-maven-3.6.2\local_jar_home\org\hibernate\validator\hibernate-validator\6.0.17.Final\hibernate-validator-6.0.17.Final.jar;D:\Win10-Program Files\Maven\apache-maven-3.6.2\local_jar_home\javax\validation\validation-api\2.0.1.Final\validation-api-2.0.1.Final.jar;D:\Win10-Program Files\Maven\apache-maven-3.6.2\local_jar_home\org\jboss\logging\jboss-logging\3.3.3.Final\jboss-logging-3.3.3.Final.jar;D:\Win10-Program Files\Maven\apache-maven-3.6.2\local_jar_home\org\springframework\spring-web\5.1.9.RELEASE\spring-web-5.1.9.RELEASE.jar;D:\Win10-Program Files\Maven\apache-maven-3.6.2\local_jar_home\org\springframework\spring-webmvc\5.1.9.RELEASE\spring-webmvc-5.1.9.RELEASE.jar;D:\Win10-Program Files\Maven\apache-maven-3.6.2\local_jar_home\org\springframework\spring-messaging\5.1.9.RELEASE\spring-messaging-5.1.9.RELEASE.jar;D:\Win10-Program Files\Maven\apache-maven-3.6.2\local_jar_home\org\springframework\spring-beans\5.1.9.RELEASE\spring-beans-5.1.9.RELEASE.jar;D:\Win10-Program Files\Maven\apache-maven-3.6.2\local_jar_home\org\springframework\spring-websocket\5.1.9.RELEASE\spring-websocket-5.1.9.RELEASE.jar;D:\Win10-Program Files\Maven\apache-maven-3.6.2\local_jar_home\org\springframework\spring-context\5.1.9.RELEASE\spring-context-5.1.9.RELEASE.jar;D:\Win10-Program Files\Maven\apache-maven-3.6.2\local_jar_home\org\springframework\boot\spring-boot-starter-test\2.1.8.RELEASE\spring-boot-starter-test-2.1.8.RELEASE.jar;D:\Win10-Program Files\Maven\apache-maven-3.6.2\local_jar_home\org\springframework\boot\spring-boot-starter\2.1.8.RELEASE\spring-boot-starter-2.1.8.RELEASE.jar;D:\Win10-Program Files\Maven\apache-maven-3.6.2\local_jar_home\org\springframework\boot\spring-boot-starter-logging\2.1.8.RELEASE\spring-boot-starter-logging-2.1.8.RELEASE.jar;D:\Win10-Program Files\Maven\apache-maven-3.6.2\local_jar_home\ch\qos\logback\logback-classic\1.2.3\logback-classic-1.2.3.jar;D:\Win10-Program Files\Maven\apache-maven-3.6.2\local_jar_home\ch\qos\logback\logback-core\1.2.3\logback-core-1.2.3.jar;D:\Win10-Program Files\Maven\apache-maven-3.6.2\local_jar_home\org\apache\logging\log4j\log4j-to-slf4j\2.11.2\log4j-to-slf4j-2.11.2.jar;D:\Win10-Program Files\Maven\apache-maven-3.6.2\local_jar_home\org\apache\logging\log4j\log4j-api\2.11.2\log4j-api-2.11.2.jar;D:\Win10-Program Files\Maven\apache-maven-3.6.2\local_jar_home\org\slf4j\jul-to-slf4j\1.7.28\jul-to-slf4j-1.7.28.jar;D:\Win10-Program Files\Maven\apache-maven-3.6.2\local_jar_home\javax\annotation\javax.annotation-api\1.3.2\javax.annotation-api-1.3.2.jar;D:\Win10-Program Files\Maven\apache-maven-3.6.2\local_jar_home\org\yaml\snakeyaml\1.23\snakeyaml-1.23.jar;D:\Win10-Program Files\Maven\apache-maven-3.6.2\local_jar_home\org\springframework\boot\spring-boot-test\2.1.8.RELEASE\spring-boot-test-2.1.8.RELEASE.jar;D:\Win10-Program Files\Maven\apache-maven-3.6.2\local_jar_home\org\springframework\boot\spring-boot-test-autoconfigure\2.1.8.RELEASE\spring-boot-test-autoconfigure-2.1.8.RELEASE.jar;D:\Win10-Program Files\Maven\apache-maven-3.6.2\local_jar_home\com\jayway\jsonpath\json-path\2.4.0\json-path-2.4.0.jar;D:\Win10-Program Files\Maven\apache-maven-3.6.2\local_jar_home\net\minidev\json-smart\2.3\json-smart-2.3.jar;D:\Win10-Program Files\Maven\apache-maven-3.6.2\local_jar_home\net\minidev\accessors-smart\1.2\accessors-smart-1.2.jar;D:\Win10-Program Files\Maven\apache-maven-3.6.2\local_jar_home\org\ow2\asm\asm\5.0.4\asm-5.0.4.jar;D:\Win10-Program Files\Maven\apache-maven-3.6.2\local_jar_home\junit\junit\4.12\junit-4.12.jar;D:\Win10-Program Files\Maven\apache-maven-3.6.2\local_jar_home\org\assertj\assertj-core\3.11.1\assertj-core-3.11.1.jar;D:\Win10-Program Files\Maven\apache-maven-3.6.2\local_jar_home\org\mockito\mockito-core\2.23.4\mockito-core-2.23.4.jar;D:\Win10-Program Files\Maven\apache-maven-3.6.2\local_jar_home\net\bytebuddy\byte-buddy\1.9.16\byte-buddy-1.9.16.jar;D:\Win10-Program Files\Maven\apache-maven-3.6.2\local_jar_home\net\bytebuddy\byte-buddy-agent\1.9.16\byte-buddy-agent-1.9.16.jar;D:\Win10-Program Files\Maven\apache-maven-3.6.2\local_jar_home\org\objenesis\objenesis\2.6\objenesis-2.6.jar;D:\Win10-Program Files\Maven\apache-maven-3.6.2\local_jar_home\org\hamcrest\hamcrest-core\1.3\hamcrest-core-1.3.jar;D:\Win10-Program Files\Maven\apache-maven-3.6.2\local_jar_home\org\hamcrest\hamcrest-library\1.3\hamcrest-library-1.3.jar;D:\Win10-Program Files\Maven\apache-maven-3.6.2\local_jar_home\org\skyscreamer\jsonassert\1.5.0\jsonassert-1.5.0.jar;D:\Win10-Program Files\Maven\apache-maven-3.6.2\local_jar_home\com\vaadin\external\google\android-json\0.0.20131108.vaadin1\android-json-0.0.20131108.vaadin1.jar;D:\Win10-Program Files\Maven\apache-maven-3.6.2\local_jar_home\org\springframework\spring-core\5.1.9.RELEASE\spring-core-5.1.9.RELEASE.jar;D:\Win10-Program Files\Maven\apache-maven-3.6.2\local_jar_home\org\springframework\spring-jcl\5.1.9.RELEASE\spring-jcl-5.1.9.RELEASE.jar;D:\Win10-Program Files\Maven\apache-maven-3.6.2\local_jar_home\org\springframework\spring-test\5.1.9.RELEASE\spring-test-5.1.9.RELEASE.jar;D:\Win10-Program Files\Maven\apache-maven-3.6.2\local_jar_home\org\xmlunit\xmlunit-core\2.6.3\xmlunit-core-2.6.3.jar;D:\Win10-Program Files\Maven\apache-maven-3.6.2\local_jar_home\org\springframework\security\spring-security-test\5.1.6.RELEASE\spring-security-test-5.1.6.RELEASE.jar;D:\Win10-Program Files\Maven\apache-maven-3.6.2\local_jar_home\org\springframework\security\spring-security-core\5.1.6.RELEASE\spring-security-core-5.1.6.RELEASE.jar;D:\Win10-Program Files\Maven\apache-maven-3.6.2\local_jar_home\org\springframework\spring-aop\5.1.9.RELEASE\spring-aop-5.1.9.RELEASE.jar;D:\Win10-Program Files\Maven\apache-maven-3.6.2\local_jar_home\org\springframework\spring-expression\5.1.9.RELEASE\spring-expression-5.1.9.RELEASE.jar;D:\Win10-Program Files\Maven\apache-maven-3.6.2\local_jar_home\org\springframework\security\spring-security-web\5.1.6.RELEASE\spring-security-web-5.1.6.RELEASE.jar;D:\Win10-Program Files\Maven\apache-maven-3.6.2\local_jar_home\io\springfox\springfox-swagger2\2.9.2\springfox-swagger2-2.9.2.jar;D:\Win10-Program Files\Maven\apache-maven-3.6.2\local_jar_home\io\swagger\swagger-annotations\1.5.20\swagger-annotations-1.5.20.jar;D:\Win10-Program Files\Maven\apache-maven-3.6.2\local_jar_home\io\swagger\swagger-models\1.5.20\swagger-models-1.5.20.jar;D:\Win10-Program Files\Maven\apache-maven-3.6.2\local_jar_home\com\fasterxml\jackson\core\jackson-annotations\2.9.0\jackson-annotations-2.9.0.jar;D:\Win10-Program Files\Maven\apache-maven-3.6.2\local_jar_home\io\springfox\springfox-spi\2.9.2\springfox-spi-2.9.2.jar;D:\Win10-Program Files\Maven\apache-maven-3.6.2\local_jar_home\io\springfox\springfox-core\2.9.2\springfox-core-2.9.2.jar;D:\Win10-Program Files\Maven\apache-maven-3.6.2\local_jar_home\io\springfox\springfox-schema\2.9.2\springfox-schema-2.9.2.jar;D:\Win10-Program Files\Maven\apache-maven-3.6.2\local_jar_home\io\springfox\springfox-swagger-common\2.9.2\springfox-swagger-common-2.9.2.jar;D:\Win10-Program Files\Maven\apache-maven-3.6.2\local_jar_home\io\springfox\springfox-spring-web\2.9.2\springfox-spring-web-2.9.2.jar;D:\Win10-Program Files\Maven\apache-maven-3.6.2\local_jar_home\com\google\guava\guava\20.0\guava-20.0.jar;D:\Win10-Program Files\Maven\apache-maven-3.6.2\local_jar_home\com\fasterxml\classmate\1.4.0\classmate-1.4.0.jar;D:\Win10-Program Files\Maven\apache-maven-3.6.2\local_jar_home\org\slf4j\slf4j-api\1.7.28\slf4j-api-1.7.28.jar;D:\Win10-Program Files\Maven\apache-maven-3.6.2\local_jar_home\org\springframework\plugin\spring-plugin-core\1.2.0.RELEASE\spring-plugin-core-1.2.0.RELEASE.jar;D:\Win10-Program Files\Maven\apache-maven-3.6.2\local_jar_home\org\springframework\plugin\spring-plugin-metadata\1.2.0.RELEASE\spring-plugin-metadata-1.2.0.RELEASE.jar;D:\Win10-Program Files\Maven\apache-maven-3.6.2\local_jar_home\org\mapstruct\mapstruct\1.2.0.Final\mapstruct-1.2.0.Final.jar;D:\Win10-Program Files\Maven\apache-maven-3.6.2\local_jar_home\io\springfox\springfox-swagger-ui\2.9.2\springfox-swagger-ui-2.9.2.jar;D:\Win10-Program Files\Maven\apache-maven-3.6.2\local_jar_home\org\apache\poi\poi\4.1.1\poi-4.1.1.jar;D:\Win10-Program Files\Maven\apache-maven-3.6.2\local_jar_home\commons-codec\commons-codec\1.11\commons-codec-1.11.jar;D:\Win10-Program Files\Maven\apache-maven-3.6.2\local_jar_home\org\apache\commons\commons-collections4\4.4\commons-collections4-4.4.jar;D:\Win10-Program Files\Maven\apache-maven-3.6.2\local_jar_home\org\apache\commons\commons-math3\3.6.1\commons-math3-3.6.1.jar;D:\Win10-Program Files\Maven\apache-maven-3.6.2\local_jar_home\org\springframework\boot\spring-boot-devtools\2.1.8.RELEASE\spring-boot-devtools-2.1.8.RELEASE.jar;D:\Win10-Program Files\Maven\apache-maven-3.6.2\local_jar_home\org\springframework\boot\spring-boot\2.1.8.RELEASE\spring-boot-2.1.8.RELEASE.jar;D:\Win10-Program Files\Maven\apache-maven-3.6.2\local_jar_home\org\springframework\boot\spring-boot-autoconfigure\2.1.8.RELEASE\spring-boot-autoconfigure-2.1.8.RELEASE.jar;D:\Win10-Program Files\Maven\apache-maven-3.6.2\local_jar_home\org\projectlombok\lombok\1.18.8\lombok-1.18.8.jar;D:\Win10-Program Files\Maven\apache-maven-3.6.2\local_jar_home\org\junit\jupiter\junit-jupiter\5.7.0-M1\junit-jupiter-5.7.0-M1.jar;D:\Win10-Program Files\Maven\apache-maven-3.6.2\local_jar_home\org\junit\jupiter\junit-jupiter-api\5.3.2\junit-jupiter-api-5.3.2.jar;D:\Win10-Program Files\Maven\apache-maven-3.6.2\local_jar_home\org\apiguardian\apiguardian-api\1.0.0\apiguardian-api-1.0.0.jar;D:\Win10-Program Files\Maven\apache-maven-3.6.2\local_jar_home\org\opentest4j\opentest4j\1.1.1\opentest4j-1.1.1.jar;D:\Win10-Program Files\Maven\apache-maven-3.6.2\local_jar_home\org\junit\platform\junit-platform-commons\1.3.2\junit-platform-commons-1.3.2.jar;D:\Win10-Program Files\Maven\apache-maven-3.6.2\local_jar_home\org\junit\jupiter\junit-jupiter-params\5.3.2\junit-jupiter-params-5.3.2.jar;D:\Win10-Program Files\Maven\apache-maven-3.6.2\local_jar_home\org\junit\jupiter\junit-jupiter-engine\5.3.2\junit-jupiter-engine-5.3.2.jar;D:\Win10-Program Files\Maven\apache-maven-3.6.2\local_jar_home\org\junit\platform\junit-platform-engine\1.3.2\junit-platform-engine-1.3.2.jar;"/>
    <property name="java.vm.vendor" value="Oracle Corporation"/>
    <property name="sun.arch.data.model" value="64"/>
    <property name="user.variant" value=""/>
    <property name="java.vendor.url" value="http://java.oracle.com/"/>
    <property name="user.timezone" value="Asia/Shanghai"/>
    <property name="java.vm.specification.version" value="1.8"/>
    <property name="os.name" value="Windows 10"/>
    <property name="user.country" value="CN"/>
    <property name="sun.java.launcher" value="SUN_STANDARD"/>
    <property name="sun.boot.library.path" value="D:\Win10-Program Files\Java\jdk1.8.0_221\jre\bin"/>
    <property name="sun.java.command" value="C:\Users\Pedro\AppData\Local\Temp\surefire2596001257937339870\surefirebooter9182516111820242898.jar C:\Users\Pedro\AppData\Local\Temp\surefire2596001257937339870 2020-07-15T23-32-01_515-jvmRun1 surefire4499438340592615026tmp surefire_08539371697389533264tmp"/>
    <property name="surefire.test.class.path" value="E:\YihangJou\erp\serp\erpserver\erp-web\target\test-classes;E:\YihangJou\erp\serp\erpserver\erp-web\target\classes;E:\YihangJou\erp\serp\erpserver\erp-service\target\erp-service-1.0-SNAPSHOT.jar;E:\YihangJou\erp\serp\erpserver\erp-mapper\target\erp-mapper-1.0-SNAPSHOT.jar;E:\YihangJou\erp\serp\erpserver\erp-model\target\erp-model-1.0-SNAPSHOT.jar;D:\Win10-Program Files\Maven\apache-maven-3.6.2\local_jar_home\org\springframework\boot\spring-boot-starter-security\2.1.8.RELEASE\spring-boot-starter-security-2.1.8.RELEASE.jar;D:\Win10-Program Files\Maven\apache-maven-3.6.2\local_jar_home\org\springframework\security\spring-security-config\5.1.6.RELEASE\spring-security-config-5.1.6.RELEASE.jar;D:\Win10-Program Files\Maven\apache-maven-3.6.2\local_jar_home\org\mybatis\spring\boot\mybatis-spring-boot-starter\2.1.1\mybatis-spring-boot-starter-2.1.1.jar;D:\Win10-Program Files\Maven\apache-maven-3.6.2\local_jar_home\org\springframework\boot\spring-boot-starter-jdbc\2.1.8.RELEASE\spring-boot-starter-jdbc-2.1.8.RELEASE.jar;D:\Win10-Program Files\Maven\apache-maven-3.6.2\local_jar_home\com\zaxxer\HikariCP\3.2.0\HikariCP-3.2.0.jar;D:\Win10-Program Files\Maven\apache-maven-3.6.2\local_jar_home\org\springframework\spring-jdbc\5.1.9.RELEASE\spring-jdbc-5.1.9.RELEASE.jar;D:\Win10-Program Files\Maven\apache-maven-3.6.2\local_jar_home\org\mybatis\spring\boot\mybatis-spring-boot-autoconfigure\2.1.1\mybatis-spring-boot-autoconfigure-2.1.1.jar;D:\Win10-Program Files\Maven\apache-maven-3.6.2\local_jar_home\org\mybatis\mybatis\3.5.3\mybatis-3.5.3.jar;D:\Win10-Program Files\Maven\apache-maven-3.6.2\local_jar_home\org\mybatis\mybatis-spring\2.0.3\mybatis-spring-2.0.3.jar;D:\Win10-Program Files\Maven\apache-maven-3.6.2\local_jar_home\org\flywaydb\flyway-core\5.2.4\flyway-core-5.2.4.jar;D:\Win10-Program Files\Maven\apache-maven-3.6.2\local_jar_home\com\alibaba\druid-spring-boot-starter\1.1.10\druid-spring-boot-starter-1.1.10.jar;D:\Win10-Program Files\Maven\apache-maven-3.6.2\local_jar_home\com\alibaba\druid\1.1.10\druid-1.1.10.jar;D:\Win10-Program Files\Maven\apache-maven-3.6.2\local_jar_home\org\springframework\boot\spring-boot-starter-data-redis\2.1.8.RELEASE\spring-boot-starter-data-redis-2.1.8.RELEASE.jar;D:\Win10-Program Files\Maven\apache-maven-3.6.2\local_jar_home\org\springframework\data\spring-data-redis\2.1.10.RELEASE\spring-data-redis-2.1.10.RELEASE.jar;D:\Win10-Program Files\Maven\apache-maven-3.6.2\local_jar_home\org\springframework\data\spring-data-keyvalue\2.1.10.RELEASE\spring-data-keyvalue-2.1.10.RELEASE.jar;D:\Win10-Program Files\Maven\apache-maven-3.6.2\local_jar_home\org\springframework\data\spring-data-commons\2.1.10.RELEASE\spring-data-commons-2.1.10.RELEASE.jar;D:\Win10-Program Files\Maven\apache-maven-3.6.2\local_jar_home\org\springframework\spring-tx\5.1.9.RELEASE\spring-tx-5.1.9.RELEASE.jar;D:\Win10-Program Files\Maven\apache-maven-3.6.2\local_jar_home\org\springframework\spring-oxm\5.1.9.RELEASE\spring-oxm-5.1.9.RELEASE.jar;D:\Win10-Program Files\Maven\apache-maven-3.6.2\local_jar_home\io\lettuce\lettuce-core\5.1.8.RELEASE\lettuce-core-5.1.8.RELEASE.jar;D:\Win10-Program Files\Maven\apache-maven-3.6.2\local_jar_home\io\netty\netty-common\4.1.39.Final\netty-common-4.1.39.Final.jar;D:\Win10-Program Files\Maven\apache-maven-3.6.2\local_jar_home\io\netty\netty-handler\4.1.39.Final\netty-handler-4.1.39.Final.jar;D:\Win10-Program Files\Maven\apache-maven-3.6.2\local_jar_home\io\netty\netty-buffer\4.1.39.Final\netty-buffer-4.1.39.Final.jar;D:\Win10-Program Files\Maven\apache-maven-3.6.2\local_jar_home\io\netty\netty-codec\4.1.39.Final\netty-codec-4.1.39.Final.jar;D:\Win10-Program Files\Maven\apache-maven-3.6.2\local_jar_home\io\netty\netty-transport\4.1.39.Final\netty-transport-4.1.39.Final.jar;D:\Win10-Program Files\Maven\apache-maven-3.6.2\local_jar_home\io\netty\netty-resolver\4.1.39.Final\netty-resolver-4.1.39.Final.jar;D:\Win10-Program Files\Maven\apache-maven-3.6.2\local_jar_home\io\projectreactor\reactor-core\3.2.12.RELEASE\reactor-core-3.2.12.RELEASE.jar;D:\Win10-Program Files\Maven\apache-maven-3.6.2\local_jar_home\org\reactivestreams\reactive-streams\1.0.3\reactive-streams-1.0.3.jar;D:\Win10-Program Files\Maven\apache-maven-3.6.2\local_jar_home\org\springframework\boot\spring-boot-starter-cache\2.1.8.RELEASE\spring-boot-starter-cache-2.1.8.RELEASE.jar;D:\Win10-Program Files\Maven\apache-maven-3.6.2\local_jar_home\org\springframework\spring-context-support\5.1.9.RELEASE\spring-context-support-5.1.9.RELEASE.jar;D:\Win10-Program Files\Maven\apache-maven-3.6.2\local_jar_home\org\springframework\boot\spring-boot-starter-amqp\2.1.8.RELEASE\spring-boot-starter-amqp-2.1.8.RELEASE.jar;D:\Win10-Program Files\Maven\apache-maven-3.6.2\local_jar_home\org\springframework\amqp\spring-rabbit\2.1.8.RELEASE\spring-rabbit-2.1.8.RELEASE.jar;D:\Win10-Program Files\Maven\apache-maven-3.6.2\local_jar_home\org\springframework\amqp\spring-amqp\2.1.8.RELEASE\spring-amqp-2.1.8.RELEASE.jar;D:\Win10-Program Files\Maven\apache-maven-3.6.2\local_jar_home\org\springframework\retry\spring-retry\1.2.4.RELEASE\spring-retry-1.2.4.RELEASE.jar;D:\Win10-Program Files\Maven\apache-maven-3.6.2\local_jar_home\com\rabbitmq\amqp-client\5.4.3\amqp-client-5.4.3.jar;D:\Win10-Program Files\Maven\apache-maven-3.6.2\local_jar_home\mysql\mysql-connector-java\8.0.17\mysql-connector-java-8.0.17.jar;D:\Win10-Program Files\Maven\apache-maven-3.6.2\local_jar_home\org\springframework\boot\spring-boot-starter-websocket\2.1.8.RELEASE\spring-boot-starter-websocket-2.1.8.RELEASE.jar;D:\Win10-Program Files\Maven\apache-maven-3.6.2\local_jar_home\org\springframework\boot\spring-boot-starter-web\2.1.8.RELEASE\spring-boot-starter-web-2.1.8.RELEASE.jar;D:\Win10-Program Files\Maven\apache-maven-3.6.2\local_jar_home\org\springframework\boot\spring-boot-starter-json\2.1.8.RELEASE\spring-boot-starter-json-2.1.8.RELEASE.jar;D:\Win10-Program Files\Maven\apache-maven-3.6.2\local_jar_home\com\fasterxml\jackson\core\jackson-databind\2.9.9.3\jackson-databind-2.9.9.3.jar;D:\Win10-Program Files\Maven\apache-maven-3.6.2\local_jar_home\com\fasterxml\jackson\core\jackson-core\2.9.9\jackson-core-2.9.9.jar;D:\Win10-Program Files\Maven\apache-maven-3.6.2\local_jar_home\com\fasterxml\jackson\datatype\jackson-datatype-jdk8\2.9.9\jackson-datatype-jdk8-2.9.9.jar;D:\Win10-Program Files\Maven\apache-maven-3.6.2\local_jar_home\com\fasterxml\jackson\datatype\jackson-datatype-jsr310\2.9.9\jackson-datatype-jsr310-2.9.9.jar;D:\Win10-Program Files\Maven\apache-maven-3.6.2\local_jar_home\com\fasterxml\jackson\module\jackson-module-parameter-names\2.9.9\jackson-module-parameter-names-2.9.9.jar;D:\Win10-Program Files\Maven\apache-maven-3.6.2\local_jar_home\org\springframework\boot\spring-boot-starter-tomcat\2.1.8.RELEASE\spring-boot-starter-tomcat-2.1.8.RELEASE.jar;D:\Win10-Program Files\Maven\apache-maven-3.6.2\local_jar_home\org\apache\tomcat\embed\tomcat-embed-core\9.0.24\tomcat-embed-core-9.0.24.jar;D:\Win10-Program Files\Maven\apache-maven-3.6.2\local_jar_home\org\apache\tomcat\embed\tomcat-embed-el\9.0.24\tomcat-embed-el-9.0.24.jar;D:\Win10-Program Files\Maven\apache-maven-3.6.2\local_jar_home\org\apache\tomcat\embed\tomcat-embed-websocket\9.0.24\tomcat-embed-websocket-9.0.24.jar;D:\Win10-Program Files\Maven\apache-maven-3.6.2\local_jar_home\org\hibernate\validator\hibernate-validator\6.0.17.Final\hibernate-validator-6.0.17.Final.jar;D:\Win10-Program Files\Maven\apache-maven-3.6.2\local_jar_home\javax\validation\validation-api\2.0.1.Final\validation-api-2.0.1.Final.jar;D:\Win10-Program Files\Maven\apache-maven-3.6.2\local_jar_home\org\jboss\logging\jboss-logging\3.3.3.Final\jboss-logging-3.3.3.Final.jar;D:\Win10-Program Files\Maven\apache-maven-3.6.2\local_jar_home\org\springframework\spring-web\5.1.9.RELEASE\spring-web-5.1.9.RELEASE.jar;D:\Win10-Program Files\Maven\apache-maven-3.6.2\local_jar_home\org\springframework\spring-webmvc\5.1.9.RELEASE\spring-webmvc-5.1.9.RELEASE.jar;D:\Win10-Program Files\Maven\apache-maven-3.6.2\local_jar_home\org\springframework\spring-messaging\5.1.9.RELEASE\spring-messaging-5.1.9.RELEASE.jar;D:\Win10-Program Files\Maven\apache-maven-3.6.2\local_jar_home\org\springframework\spring-beans\5.1.9.RELEASE\spring-beans-5.1.9.RELEASE.jar;D:\Win10-Program Files\Maven\apache-maven-3.6.2\local_jar_home\org\springframework\spring-websocket\5.1.9.RELEASE\spring-websocket-5.1.9.RELEASE.jar;D:\Win10-Program Files\Maven\apache-maven-3.6.2\local_jar_home\org\springframework\spring-context\5.1.9.RELEASE\spring-context-5.1.9.RELEASE.jar;D:\Win10-Program Files\Maven\apache-maven-3.6.2\local_jar_home\org\springframework\boot\spring-boot-starter-test\2.1.8.RELEASE\spring-boot-starter-test-2.1.8.RELEASE.jar;D:\Win10-Program Files\Maven\apache-maven-3.6.2\local_jar_home\org\springframework\boot\spring-boot-starter\2.1.8.RELEASE\spring-boot-starter-2.1.8.RELEASE.jar;D:\Win10-Program Files\Maven\apache-maven-3.6.2\local_jar_home\org\springframework\boot\spring-boot-starter-logging\2.1.8.RELEASE\spring-boot-starter-logging-2.1.8.RELEASE.jar;D:\Win10-Program Files\Maven\apache-maven-3.6.2\local_jar_home\ch\qos\logback\logback-classic\1.2.3\logback-classic-1.2.3.jar;D:\Win10-Program Files\Maven\apache-maven-3.6.2\local_jar_home\ch\qos\logback\logback-core\1.2.3\logback-core-1.2.3.jar;D:\Win10-Program Files\Maven\apache-maven-3.6.2\local_jar_home\org\apache\logging\log4j\log4j-to-slf4j\2.11.2\log4j-to-slf4j-2.11.2.jar;D:\Win10-Program Files\Maven\apache-maven-3.6.2\local_jar_home\org\apache\logging\log4j\log4j-api\2.11.2\log4j-api-2.11.2.jar;D:\Win10-Program Files\Maven\apache-maven-3.6.2\local_jar_home\org\slf4j\jul-to-slf4j\1.7.28\jul-to-slf4j-1.7.28.jar;D:\Win10-Program Files\Maven\apache-maven-3.6.2\local_jar_home\javax\annotation\javax.annotation-api\1.3.2\javax.annotation-api-1.3.2.jar;D:\Win10-Program Files\Maven\apache-maven-3.6.2\local_jar_home\org\yaml\snakeyaml\1.23\snakeyaml-1.23.jar;D:\Win10-Program Files\Maven\apache-maven-3.6.2\local_jar_home\org\springframework\boot\spring-boot-test\2.1.8.RELEASE\spring-boot-test-2.1.8.RELEASE.jar;D:\Win10-Program Files\Maven\apache-maven-3.6.2\local_jar_home\org\springframework\boot\spring-boot-test-autoconfigure\2.1.8.RELEASE\spring-boot-test-autoconfigure-2.1.8.RELEASE.jar;D:\Win10-Program Files\Maven\apache-maven-3.6.2\local_jar_home\com\jayway\jsonpath\json-path\2.4.0\json-path-2.4.0.jar;D:\Win10-Program Files\Maven\apache-maven-3.6.2\local_jar_home\net\minidev\json-smart\2.3\json-smart-2.3.jar;D:\Win10-Program Files\Maven\apache-maven-3.6.2\local_jar_home\net\minidev\accessors-smart\1.2\accessors-smart-1.2.jar;D:\Win10-Program Files\Maven\apache-maven-3.6.2\local_jar_home\org\ow2\asm\asm\5.0.4\asm-5.0.4.jar;D:\Win10-Program Files\Maven\apache-maven-3.6.2\local_jar_home\junit\junit\4.12\junit-4.12.jar;D:\Win10-Program Files\Maven\apache-maven-3.6.2\local_jar_home\org\assertj\assertj-core\3.11.1\assertj-core-3.11.1.jar;D:\Win10-Program Files\Maven\apache-maven-3.6.2\local_jar_home\org\mockito\mockito-core\2.23.4\mockito-core-2.23.4.jar;D:\Win10-Program Files\Maven\apache-maven-3.6.2\local_jar_home\net\bytebuddy\byte-buddy\1.9.16\byte-buddy-1.9.16.jar;D:\Win10-Program Files\Maven\apache-maven-3.6.2\local_jar_home\net\bytebuddy\byte-buddy-agent\1.9.16\byte-buddy-agent-1.9.16.jar;D:\Win10-Program Files\Maven\apache-maven-3.6.2\local_jar_home\org\objenesis\objenesis\2.6\objenesis-2.6.jar;D:\Win10-Program Files\Maven\apache-maven-3.6.2\local_jar_home\org\hamcrest\hamcrest-core\1.3\hamcrest-core-1.3.jar;D:\Win10-Program Files\Maven\apache-maven-3.6.2\local_jar_home\org\hamcrest\hamcrest-library\1.3\hamcrest-library-1.3.jar;D:\Win10-Program Files\Maven\apache-maven-3.6.2\local_jar_home\org\skyscreamer\jsonassert\1.5.0\jsonassert-1.5.0.jar;D:\Win10-Program Files\Maven\apache-maven-3.6.2\local_jar_home\com\vaadin\external\google\android-json\0.0.20131108.vaadin1\android-json-0.0.20131108.vaadin1.jar;D:\Win10-Program Files\Maven\apache-maven-3.6.2\local_jar_home\org\springframework\spring-core\5.1.9.RELEASE\spring-core-5.1.9.RELEASE.jar;D:\Win10-Program Files\Maven\apache-maven-3.6.2\local_jar_home\org\springframework\spring-jcl\5.1.9.RELEASE\spring-jcl-5.1.9.RELEASE.jar;D:\Win10-Program Files\Maven\apache-maven-3.6.2\local_jar_home\org\springframework\spring-test\5.1.9.RELEASE\spring-test-5.1.9.RELEASE.jar;D:\Win10-Program Files\Maven\apache-maven-3.6.2\local_jar_home\org\xmlunit\xmlunit-core\2.6.3\xmlunit-core-2.6.3.jar;D:\Win10-Program Files\Maven\apache-maven-3.6.2\local_jar_home\org\springframework\security\spring-security-test\5.1.6.RELEASE\spring-security-test-5.1.6.RELEASE.jar;D:\Win10-Program Files\Maven\apache-maven-3.6.2\local_jar_home\org\springframework\security\spring-security-core\5.1.6.RELEASE\spring-security-core-5.1.6.RELEASE.jar;D:\Win10-Program Files\Maven\apache-maven-3.6.2\local_jar_home\org\springframework\spring-aop\5.1.9.RELEASE\spring-aop-5.1.9.RELEASE.jar;D:\Win10-Program Files\Maven\apache-maven-3.6.2\local_jar_home\org\springframework\spring-expression\5.1.9.RELEASE\spring-expression-5.1.9.RELEASE.jar;D:\Win10-Program Files\Maven\apache-maven-3.6.2\local_jar_home\org\springframework\security\spring-security-web\5.1.6.RELEASE\spring-security-web-5.1.6.RELEASE.jar;D:\Win10-Program Files\Maven\apache-maven-3.6.2\local_jar_home\io\springfox\springfox-swagger2\2.9.2\springfox-swagger2-2.9.2.jar;D:\Win10-Program Files\Maven\apache-maven-3.6.2\local_jar_home\io\swagger\swagger-annotations\1.5.20\swagger-annotations-1.5.20.jar;D:\Win10-Program Files\Maven\apache-maven-3.6.2\local_jar_home\io\swagger\swagger-models\1.5.20\swagger-models-1.5.20.jar;D:\Win10-Program Files\Maven\apache-maven-3.6.2\local_jar_home\com\fasterxml\jackson\core\jackson-annotations\2.9.0\jackson-annotations-2.9.0.jar;D:\Win10-Program Files\Maven\apache-maven-3.6.2\local_jar_home\io\springfox\springfox-spi\2.9.2\springfox-spi-2.9.2.jar;D:\Win10-Program Files\Maven\apache-maven-3.6.2\local_jar_home\io\springfox\springfox-core\2.9.2\springfox-core-2.9.2.jar;D:\Win10-Program Files\Maven\apache-maven-3.6.2\local_jar_home\io\springfox\springfox-schema\2.9.2\springfox-schema-2.9.2.jar;D:\Win10-Program Files\Maven\apache-maven-3.6.2\local_jar_home\io\springfox\springfox-swagger-common\2.9.2\springfox-swagger-common-2.9.2.jar;D:\Win10-Program Files\Maven\apache-maven-3.6.2\local_jar_home\io\springfox\springfox-spring-web\2.9.2\springfox-spring-web-2.9.2.jar;D:\Win10-Program Files\Maven\apache-maven-3.6.2\local_jar_home\com\google\guava\guava\20.0\guava-20.0.jar;D:\Win10-Program Files\Maven\apache-maven-3.6.2\local_jar_home\com\fasterxml\classmate\1.4.0\classmate-1.4.0.jar;D:\Win10-Program Files\Maven\apache-maven-3.6.2\local_jar_home\org\slf4j\slf4j-api\1.7.28\slf4j-api-1.7.28.jar;D:\Win10-Program Files\Maven\apache-maven-3.6.2\local_jar_home\org\springframework\plugin\spring-plugin-core\1.2.0.RELEASE\spring-plugin-core-1.2.0.RELEASE.jar;D:\Win10-Program Files\Maven\apache-maven-3.6.2\local_jar_home\org\springframework\plugin\spring-plugin-metadata\1.2.0.RELEASE\spring-plugin-metadata-1.2.0.RELEASE.jar;D:\Win10-Program Files\Maven\apache-maven-3.6.2\local_jar_home\org\mapstruct\mapstruct\1.2.0.Final\mapstruct-1.2.0.Final.jar;D:\Win10-Program Files\Maven\apache-maven-3.6.2\local_jar_home\io\springfox\springfox-swagger-ui\2.9.2\springfox-swagger-ui-2.9.2.jar;D:\Win10-Program Files\Maven\apache-maven-3.6.2\local_jar_home\org\apache\poi\poi\4.1.1\poi-4.1.1.jar;D:\Win10-Program Files\Maven\apache-maven-3.6.2\local_jar_home\commons-codec\commons-codec\1.11\commons-codec-1.11.jar;D:\Win10-Program Files\Maven\apache-maven-3.6.2\local_jar_home\org\apache\commons\commons-collections4\4.4\commons-collections4-4.4.jar;D:\Win10-Program Files\Maven\apache-maven-3.6.2\local_jar_home\org\apache\commons\commons-math3\3.6.1\commons-math3-3.6.1.jar;D:\Win10-Program Files\Maven\apache-maven-3.6.2\local_jar_home\org\springframework\boot\spring-boot-devtools\2.1.8.RELEASE\spring-boot-devtools-2.1.8.RELEASE.jar;D:\Win10-Program Files\Maven\apache-maven-3.6.2\local_jar_home\org\springframework\boot\spring-boot\2.1.8.RELEASE\spring-boot-2.1.8.RELEASE.jar;D:\Win10-Program Files\Maven\apache-maven-3.6.2\local_jar_home\org\springframework\boot\spring-boot-autoconfigure\2.1.8.RELEASE\spring-boot-autoconfigure-2.1.8.RELEASE.jar;D:\Win10-Program Files\Maven\apache-maven-3.6.2\local_jar_home\org\projectlombok\lombok\1.18.8\lombok-1.18.8.jar;D:\Win10-Program Files\Maven\apache-maven-3.6.2\local_jar_home\org\junit\jupiter\junit-jupiter\5.7.0-M1\junit-jupiter-5.7.0-M1.jar;D:\Win10-Program Files\Maven\apache-maven-3.6.2\local_jar_home\org\junit\jupiter\junit-jupiter-api\5.3.2\junit-jupiter-api-5.3.2.jar;D:\Win10-Program Files\Maven\apache-maven-3.6.2\local_jar_home\org\apiguardian\apiguardian-api\1.0.0\apiguardian-api-1.0.0.jar;D:\Win10-Program Files\Maven\apache-maven-3.6.2\local_jar_home\org\opentest4j\opentest4j\1.1.1\opentest4j-1.1.1.jar;D:\Win10-Program Files\Maven\apache-maven-3.6.2\local_jar_home\org\junit\platform\junit-platform-commons\1.3.2\junit-platform-commons-1.3.2.jar;D:\Win10-Program Files\Maven\apache-maven-3.6.2\local_jar_home\org\junit\jupiter\junit-jupiter-params\5.3.2\junit-jupiter-params-5.3.2.jar;D:\Win10-Program Files\Maven\apache-maven-3.6.2\local_jar_home\org\junit\jupiter\junit-jupiter-engine\5.3.2\junit-jupiter-engine-5.3.2.jar;D:\Win10-Program Files\Maven\apache-maven-3.6.2\local_jar_home\org\junit\platform\junit-platform-engine\1.3.2\junit-platform-engine-1.3.2.jar;"/>
    <property name="sun.cpu.endian" value="little"/>
    <property name="user.home" value="C:\Users\Pedro"/>
    <property name="user.language" value="zh"/>
    <property name="java.specification.vendor" value="Oracle Corporation"/>
    <property name="java.home" value="D:\Win10-Program Files\Java\jdk1.8.0_221\jre"/>
    <property name="basedir" value="E:\YihangJou\erp\serp\erpserver\erp-web"/>
    <property name="file.separator" value="\"/>
    <property name="line.separator" value="&#10;"/>
    <property name="java.vm.specification.vendor" value="Oracle Corporation"/>
    <property name="java.specification.name" value="Java Platform API Specification"/>
    <property name="java.awt.graphicsenv" value="sun.awt.Win32GraphicsEnvironment"/>
    <property name="surefire.real.class.path" value="C:\Users\Pedro\AppData\Local\Temp\surefire2596001257937339870\surefirebooter9182516111820242898.jar"/>
    <property name="sun.boot.class.path" value="D:\Win10-Program Files\Java\jdk1.8.0_221\jre\lib\resources.jar;D:\Win10-Program Files\Java\jdk1.8.0_221\jre\lib\rt.jar;D:\Win10-Program Files\Java\jdk1.8.0_221\jre\lib\sunrsasign.jar;D:\Win10-Program Files\Java\jdk1.8.0_221\jre\lib\jsse.jar;D:\Win10-Program Files\Java\jdk1.8.0_221\jre\lib\jce.jar;D:\Win10-Program Files\Java\jdk1.8.0_221\jre\lib\charsets.jar;D:\Win10-Program Files\Java\jdk1.8.0_221\jre\lib\jfr.jar;D:\Win10-Program Files\Java\jdk1.8.0_221\jre\classes"/>
    <property name="user.script" value=""/>
    <property name="sun.management.compiler" value="HotSpot 64-Bit Tiered Compilers"/>
    <property name="java.runtime.version" value="1.8.0_221-b11"/>
    <property name="user.name" value="Pedro"/>
    <property name="path.separator" value=";"/>
    <property name="os.version" value="10.0"/>
    <property name="java.endorsed.dirs" value="D:\Win10-Program Files\Java\jdk1.8.0_221\jre\lib\endorsed"/>
    <property name="java.runtime.name" value="Java(TM) SE Runtime Environment"/>
    <property name="file.encoding" value="GBK"/>
    <property name="java.vm.name" value="Java HotSpot(TM) 64-Bit Server VM"/>
    <property name="idea.version2020.1" value="true"/>
    <property name="localRepository" value="D:\Win10-Program Files\Maven\apache-maven-3.6.2\local_jar_home"/>
    <property name="java.vendor.url.bug" value="http://bugreport.sun.com/bugreport/"/>
    <property name="java.io.tmpdir" value="C:\Users\Pedro\AppData\Local\Temp\"/>
    <property name="java.version" value="1.8.0_221"/>
    <property name="user.dir" value="E:\YihangJou\erp\serp\erpserver\erp-web"/>
    <property name="os.arch" value="amd64"/>
    <property name="java.vm.specification.name" value="Java Virtual Machine Specification"/>
    <property name="java.awt.printerjob" value="sun.awt.windows.WPrinterJob"/>
    <property name="sun.os.patch.level" value=""/>
    <property name="java.library.path" value="D:\Win10-Program Files\Java\jdk1.8.0_221\jre\bin;C:\Windows\Sun\Java\bin;C:\Windows\system32;C:\Windows;D:\Win10-Program Files (x86)\MTPutty\Xftp\;D:\Win10-Program Files (x86)\MTPutty\XShell\;C:\Program Files (x86)\Common Files\Oracle\Java\javapath;C:\Program Files\Microsoft MPI\Bin\;C:\Windows\system32;C:\Windows;C:\Windows\System32\Wbem;C:\Windows\System32\WindowsPowerShell\v1.0\;C:\Windows\System32\OpenSSH\;D:\Win10-Program Files\Microsoft SQL Server 7\140\Tools\Binn\;D:\Win10-Program Files\Microsoft SQL Server 7\140\DTS\Binn\;D:\Win10-Program Files\Microsoft SQL Server 7\Client SDK\ODBC\130\Tools\Binn\;D:\Win10-Program Files\Microsoft SQL Server 7\140\Tools\Binn\ManagementStudio\;D:\Win10-Program Files\Java\jdk-10.0.2\bin;D:\Win10-Program Files\Maven\apache-maven-3.6.2\bin;D:\Win10-Program Files\mysql-8.0.18-winx64\bin;D:\Win10-Program Files (x86)\Node.js\;C:\ProgramData\chocolatey\bin;C:\Users\Pedro\AppData\Roaming\npm\node_modules\vue-cli\bin;D:\Win10-Program Files\Redis;D:\Win10-Program Files\MongoDB\bin;D:\Win10-Program Files\RabbitMQ\Erlang\erl10.4\bin;D:\Win10-Program Files (x86)\Microsoft SQL Server\140\Tools\Binn\;D:\Win10-Program Files\Microsoft SQL Server\140\Tools\Binn\;D:\Win10-Program Files (x86)\Microsoft SQL Server\140\DTS\Binn\;D:\Win10-Program Files\Microsoft SQL Server\140\DTS\Binn\;D:\Win10-Program Files\Microsoft SQL Server\Client SDK\ODBC\130\Tools\Binn\;C:\Program Files (x86)\Microsoft SQL Server\150\DTS\Binn\;D:\Win10-Program Files (x86)\Git\cmd;C:\Users\Pedro\AppData\Local\Microsoft\WindowsApps;C:\Users\Pedro\AppData\Local\Programs\Microsoft VS Code\bin;C:\Users\Pedro\AppData\Roaming\Composer\vendor\bin;C:\Users\Pedro\AppData\Local\BypassRuntm;D:\Win10-Program Files (x86)\JetBrains\IntelliJ IDEA 2019.2.3\bin;C:\Users\Pedro\AppData\Roaming\npm;D:\Win10-Program Files (x86)\JetBrains\WebStorm 2019.3\bin;C:\Users\Pedro\AppData\Local\Microsoft\WindowsApps;D:\Win10-Program Files (x86)\Microsoft VS Code\bin;."/>
    <property name="java.vm.info" value="mixed mode"/>
    <property name="java.vendor" value="Oracle Corporation"/>
    <property name="java.vm.version" value="25.221-b11"/>
    <property name="java.ext.dirs" value="D:\Win10-Program Files\Java\jdk1.8.0_221\jre\lib\ext;C:\Windows\Sun\Java\lib\ext"/>
    <property name="sun.io.unicode.encoding" value="UnicodeLittle"/>
    <property name="maven.repo.local" value="D:\Win10-Program Files\Maven\apache-maven-3.6.2\local_jar_home"/>
    <property name="java.class.version" value="52.0"/>
  </properties>
  <testcase name="contextLoads" classname="com.yihang.serp.SerpApplicationTests" time="0.003">
    <error message="Failed to load ApplicationContext" type="java.lang.IllegalStateException">java.lang.IllegalStateException: Failed to load ApplicationContext
Caused by: org.springframework.beans.factory.BeanCreationException: Error creating bean with name 'flyway' defined in class path resource [org/springframework/boot/autoconfigure/flyway/FlywayAutoConfiguration$FlywayConfiguration.class]: Bean instantiation via factory method failed; nested exception is org.springframework.beans.BeanInstantiationException: Failed to instantiate [org.flywaydb.core.Flyway]: Factory method 'flyway' threw exception; nested exception is java.lang.IllegalStateException: Cannot find migrations location in: [classpath:db/migration] (please add migrations or check your Flyway configuration)
Caused by: org.springframework.beans.BeanInstantiationException: Failed to instantiate [org.flywaydb.core.Flyway]: Factory method 'flyway' threw exception; nested exception is java.lang.IllegalStateException: Cannot find migrations location in: [classpath:db/migration] (please add migrations or check your Flyway configuration)
Caused by: java.lang.IllegalStateException: Cannot find migrations location in: [classpath:db/migration] (please add migrations or check your Flyway configuration)
</error>
    <system-out><![CDATA[23:32:27.067 [main] DEBUG org.springframework.test.context.BootstrapUtils - Instantiating CacheAwareContextLoaderDelegate from class [org.springframework.test.context.cache.DefaultCacheAwareContextLoaderDelegate]
23:32:27.162 [main] DEBUG org.springframework.test.context.BootstrapUtils - Instantiating BootstrapContext using constructor [public org.springframework.test.context.support.DefaultBootstrapContext(java.lang.Class,org.springframework.test.context.CacheAwareContextLoaderDelegate)]
23:32:27.431 [main] DEBUG org.springframework.test.context.BootstrapUtils - Instantiating TestContextBootstrapper for test class [com.yihang.serp.SerpApplicationTests] from class [org.springframework.boot.test.context.SpringBootTestContextBootstrapper]
23:32:27.517 [main] INFO org.springframework.boot.test.context.SpringBootTestContextBootstrapper - Neither @ContextConfiguration nor @ContextHierarchy found for test class [com.yihang.serp.SerpApplicationTests], using SpringBootContextLoader
23:32:27.532 [main] DEBUG org.springframework.test.context.support.AbstractContextLoader - Did not detect default resource location for test class [com.yihang.serp.SerpApplicationTests]: class path resource [com/yihang/serp/SerpApplicationTests-context.xml] does not exist
23:32:27.534 [main] DEBUG org.springframework.test.context.support.AbstractContextLoader - Did not detect default resource location for test class [com.yihang.serp.SerpApplicationTests]: class path resource [com/yihang/serp/SerpApplicationTestsContext.groovy] does not exist
23:32:27.536 [main] INFO org.springframework.test.context.support.AbstractContextLoader - Could not detect default resource locations for test class [com.yihang.serp.SerpApplicationTests]: no resource found for suffixes {-context.xml, Context.groovy}.
23:32:27.538 [main] INFO org.springframework.test.context.support.AnnotationConfigContextLoaderUtils - Could not detect default configuration classes for test class [com.yihang.serp.SerpApplicationTests]: SerpApplicationTests does not declare any static, non-private, non-final, nested classes annotated with @Configuration.
23:32:27.802 [main] DEBUG org.springframework.test.context.support.ActiveProfilesUtils - Could not find an 'annotation declaring class' for annotation type [org.springframework.test.context.ActiveProfiles] and class [com.yihang.serp.SerpApplicationTests]
23:32:28.237 [main] DEBUG org.springframework.context.annotation.ClassPathScanningCandidateComponentProvider - Identified candidate component class: file [E:\YihangJou\erp\serp\erpserver\erp-web\target\classes\com\yihang\serp\SerpApplication.class]
23:32:28.264 [main] INFO org.springframework.boot.test.context.SpringBootTestContextBootstrapper - Found @SpringBootConfiguration com.yihang.serp.SerpApplication for test class com.yihang.serp.SerpApplicationTests
23:32:28.765 [main] DEBUG org.springframework.boot.test.context.SpringBootTestContextBootstrapper - @TestExecutionListeners is not present for class [com.yihang.serp.SerpApplicationTests]: using defaults.
23:32:28.769 [main] INFO org.springframework.boot.test.context.SpringBootTestContextBootstrapper - Loaded default TestExecutionListener class names from location [META-INF/spring.factories]: [org.springframework.boot.test.mock.mockito.MockitoTestExecutionListener, org.springframework.boot.test.mock.mockito.ResetMocksTestExecutionListener, org.springframework.boot.test.autoconfigure.restdocs.RestDocsTestExecutionListener, org.springframework.boot.test.autoconfigure.web.client.MockRestServiceServerResetTestExecutionListener, org.springframework.boot.test.autoconfigure.web.servlet.MockMvcPrintOnlyOnFailureTestExecutionListener, org.springframework.boot.test.autoconfigure.web.servlet.WebDriverTestExecutionListener, org.springframework.test.context.web.ServletTestExecutionListener, org.springframework.test.context.support.DirtiesContextBeforeModesTestExecutionListener, org.springframework.test.context.support.DependencyInjectionTestExecutionListener, org.springframework.test.context.support.DirtiesContextTestExecutionListener, org.springframework.test.context.transaction.TransactionalTestExecutionListener, org.springframework.test.context.jdbc.SqlScriptsTestExecutionListener, org.springframework.security.test.context.support.WithSecurityContextTestExecutionListener, org.springframework.security.test.context.support.ReactorContextTestExecutionListener]
23:32:29.137 [main] INFO org.springframework.boot.test.context.SpringBootTestContextBootstrapper - Using TestExecutionListeners: [org.springframework.test.context.web.ServletTestExecutionListener@2c35e847, org.springframework.test.context.support.DirtiesContextBeforeModesTestExecutionListener@7bd4937b, org.springframework.boot.test.mock.mockito.MockitoTestExecutionListener@21e360a, org.springframework.boot.test.autoconfigure.SpringBootDependencyInjectionTestExecutionListener@5ba3f27a, org.springframework.test.context.support.DirtiesContextTestExecutionListener@58d75e99, org.springframework.test.context.transaction.TransactionalTestExecutionListener@74751b3, org.springframework.test.context.jdbc.SqlScriptsTestExecutionListener@741a8937, org.springframework.security.test.context.support.WithSecurityContextTestExecutionListener@306e95ec, org.springframework.security.test.context.support.ReactorContextTestExecutionListener@52af26ee, org.springframework.boot.test.mock.mockito.ResetMocksTestExecutionListener@6fd83fc1, org.springframework.boot.test.autoconfigure.restdocs.RestDocsTestExecutionListener@4f2b503c, org.springframework.boot.test.autoconfigure.web.client.MockRestServiceServerResetTestExecutionListener@bae7dc0, org.springframework.boot.test.autoconfigure.web.servlet.MockMvcPrintOnlyOnFailureTestExecutionListener@209da20d, org.springframework.boot.test.autoconfigure.web.servlet.WebDriverTestExecutionListener@e15b7e8]
23:32:29.151 [main] DEBUG org.springframework.test.context.support.AbstractDirtiesContextTestExecutionListener - Before test class: context [DefaultTestContext@434a63ab testClass = SerpApplicationTests, testInstance = [null], testMethod = [null], testException = [null], mergedContextConfiguration = [WebMergedContextConfiguration@6e0f5f7f testClass = SerpApplicationTests, locations = '{}', classes = '{class com.yihang.serp.SerpApplication}', contextInitializerClasses = '[]', activeProfiles = '{}', propertySourceLocations = '{}', propertySourceProperties = '{org.springframework.boot.test.context.SpringBootTestContextBootstrapper=true}', contextCustomizers = set[org.springframework.boot.test.context.filter.ExcludeFilterContextCustomizer@1e802ef9, org.springframework.boot.test.json.DuplicateJsonObjectContextCustomizerFactory$DuplicateJsonObjectContextCustomizer@670002, org.springframework.boot.test.mock.mockito.MockitoContextCustomizer@0, org.springframework.boot.test.web.client.TestRestTemplateContextCustomizer@3eb7fc54, org.springframework.boot.test.autoconfigure.properties.PropertyMappingContextCustomizer@0, org.springframework.boot.test.autoconfigure.web.servlet.WebDriverContextCustomizerFactory$Customizer@49b0b76], resourceBasePath = 'src/main/webapp', contextLoader = 'org.springframework.boot.test.context.SpringBootContextLoader', parent = [null]], attributes = map['org.springframework.test.context.web.ServletTestExecutionListener.activateListener' -> true]], class annotated with @DirtiesContext [false] with mode [null].
23:32:29.312 [main] DEBUG org.springframework.test.context.support.TestPropertySourceUtils - Adding inlined properties to environment: {spring.jmx.enabled=false, org.springframework.boot.test.context.SpringBootTestContextBootstrapper=true, server.port=-1}

  .   ____          _            __ _ _
 /\\ / ___'_ __ _ _(_)_ __  __ _ \ \ \ \
( ( )\___ | '_ | '_| | '_ \/ _` | \ \ \ \
 \\/  ___)| |_)| | | | | || (_| |  ) ) ) )
  '  |____| .__|_| |_|_| |_\__, | / / / /
 =========|_|==============|___/=/_/_/_/
 :: Spring Boot ::        (v2.1.8.RELEASE)

2020-07-15 23:32:30.695  INFO 4232 --- [           main] com.yihang.serp.SerpApplicationTests     : Starting SerpApplicationTests on DeskTop-Pedro with PID 4232 (started by Pedro in E:\YihangJou\erp\serp\erpserver\erp-web)
2020-07-15 23:32:30.725  INFO 4232 --- [           main] com.yihang.serp.SerpApplicationTests     : No active profile set, falling back to default profiles: default
2020-07-15 23:32:38.550  INFO 4232 --- [           main] .s.d.r.c.RepositoryConfigurationDelegate : Multiple Spring Data modules found, entering strict repository configuration mode!
2020-07-15 23:32:38.561  INFO 4232 --- [           main] .s.d.r.c.RepositoryConfigurationDelegate : Bootstrapping Spring Data repositories in DEFAULT mode.
2020-07-15 23:32:38.690  INFO 4232 --- [           main] .s.d.r.c.RepositoryConfigurationDelegate : Finished Spring Data repository scanning in 74ms. Found 0 repository interfaces.
2020-07-15 23:32:41.126  INFO 4232 --- [           main] trationDelegate$BeanPostProcessorChecker : Bean 'org.springframework.transaction.annotation.ProxyTransactionManagementConfiguration' of type [org.springframework.transaction.annotation.ProxyTransactionManagementConfiguration$$EnhancerBySpringCGLIB$$321bec56] is not eligible for getting processed by all BeanPostProcessors (for example: not eligible for auto-proxying)
2020-07-15 23:32:41.918  INFO 4232 --- [           main] c.a.d.s.b.a.DruidDataSourceAutoConfigure : Init DruidDataSource
2020-07-15 23:32:42.766  INFO 4232 --- [           main] com.alibaba.druid.pool.DruidDataSource   : {dataSource-1} inited
2020-07-15 23:32:51.402  INFO 4232 --- [           main] pertySourcedRequestMappingHandlerMapping : Mapped URL path [/v2/api-docs] onto method [public org.springframework.http.ResponseEntity<springfox.documentation.spring.web.json.Json> springfox.documentation.swagger2.web.Swagger2Controller.getDocumentation(java.lang.String,javax.servlet.http.HttpServletRequest)]
2020-07-15 23:32:54.759  INFO 4232 --- [           main] o.s.s.concurrent.ThreadPoolTaskExecutor  : Initializing ExecutorService 'applicationTaskExecutor'
2020-07-15 23:33:01.155  WARN 4232 --- [           main] o.s.w.c.s.GenericWebApplicationContext   : Exception encountered during context initialization - cancelling refresh attempt: org.springframework.beans.factory.BeanCreationException: Error creating bean with name 'flyway' defined in class path resource [org/springframework/boot/autoconfigure/flyway/FlywayAutoConfiguration$FlywayConfiguration.class]: Bean instantiation via factory method failed; nested exception is org.springframework.beans.BeanInstantiationException: Failed to instantiate [org.flywaydb.core.Flyway]: Factory method 'flyway' threw exception; nested exception is java.lang.IllegalStateException: Cannot find migrations location in: [classpath:db/migration] (please add migrations or check your Flyway configuration)
2020-07-15 23:33:01.207  INFO 4232 --- [           main] o.s.s.concurrent.ThreadPoolTaskExecutor  : Shutting down ExecutorService 'applicationTaskExecutor'
2020-07-15 23:33:01.226  INFO 4232 --- [           main] com.alibaba.druid.pool.DruidDataSource   : {dataSource-1} closed
2020-07-15 23:33:01.256  INFO 4232 --- [           main] ConditionEvaluationReportLoggingListener : 

Error starting ApplicationContext. To display the conditions report re-run your application with 'debug' enabled.
2020-07-15 23:33:01.276 ERROR 4232 --- [           main] o.s.boot.SpringApplication               : Application run failed

org.springframework.beans.factory.BeanCreationException: Error creating bean with name 'flyway' defined in class path resource [org/springframework/boot/autoconfigure/flyway/FlywayAutoConfiguration$FlywayConfiguration.class]: Bean instantiation via factory method failed; nested exception is org.springframework.beans.BeanInstantiationException: Failed to instantiate [org.flywaydb.core.Flyway]: Factory method 'flyway' threw exception; nested exception is java.lang.IllegalStateException: Cannot find migrations location in: [classpath:db/migration] (please add migrations or check your Flyway configuration)
	at org.springframework.beans.factory.support.ConstructorResolver.instantiate(ConstructorResolver.java:627) ~[spring-beans-5.1.9.RELEASE.jar:5.1.9.RELEASE]
	at org.springframework.beans.factory.support.ConstructorResolver.instantiateUsingFactoryMethod(ConstructorResolver.java:456) ~[spring-beans-5.1.9.RELEASE.jar:5.1.9.RELEASE]
	at org.springframework.beans.factory.support.AbstractAutowireCapableBeanFactory.instantiateUsingFactoryMethod(AbstractAutowireCapableBeanFactory.java:1321) ~[spring-beans-5.1.9.RELEASE.jar:5.1.9.RELEASE]
	at org.springframework.beans.factory.support.AbstractAutowireCapableBeanFactory.createBeanInstance(AbstractAutowireCapableBeanFactory.java:1160) ~[spring-beans-5.1.9.RELEASE.jar:5.1.9.RELEASE]
	at org.springframework.beans.factory.support.AbstractAutowireCapableBeanFactory.doCreateBean(AbstractAutowireCapableBeanFactory.java:555) ~[spring-beans-5.1.9.RELEASE.jar:5.1.9.RELEASE]
	at org.springframework.beans.factory.support.AbstractAutowireCapableBeanFactory.createBean(AbstractAutowireCapableBeanFactory.java:515) ~[spring-beans-5.1.9.RELEASE.jar:5.1.9.RELEASE]
	at org.springframework.beans.factory.support.AbstractBeanFactory.lambda$doGetBean$0(AbstractBeanFactory.java:320) ~[spring-beans-5.1.9.RELEASE.jar:5.1.9.RELEASE]
	at org.springframework.beans.factory.support.DefaultSingletonBeanRegistry.getSingleton(DefaultSingletonBeanRegistry.java:222) ~[spring-beans-5.1.9.RELEASE.jar:5.1.9.RELEASE]
	at org.springframework.beans.factory.support.AbstractBeanFactory.doGetBean(AbstractBeanFactory.java:318) ~[spring-beans-5.1.9.RELEASE.jar:5.1.9.RELEASE]
	at org.springframework.beans.factory.support.AbstractBeanFactory.getBean(AbstractBeanFactory.java:199) ~[spring-beans-5.1.9.RELEASE.jar:5.1.9.RELEASE]
	at org.springframework.beans.factory.support.AbstractBeanFactory.doGetBean(AbstractBeanFactory.java:307) ~[spring-beans-5.1.9.RELEASE.jar:5.1.9.RELEASE]
	at org.springframework.beans.factory.support.AbstractBeanFactory.getBean(AbstractBeanFactory.java:199) ~[spring-beans-5.1.9.RELEASE.jar:5.1.9.RELEASE]
	at org.springframework.beans.factory.support.DefaultListableBeanFactory.preInstantiateSingletons(DefaultListableBeanFactory.java:845) ~[spring-beans-5.1.9.RELEASE.jar:5.1.9.RELEASE]
	at org.springframework.context.support.AbstractApplicationContext.finishBeanFactoryInitialization(AbstractApplicationContext.java:877) ~[spring-context-5.1.9.RELEASE.jar:5.1.9.RELEASE]
	at org.springframework.context.support.AbstractApplicationContext.refresh(AbstractApplicationContext.java:549) ~[spring-context-5.1.9.RELEASE.jar:5.1.9.RELEASE]
	at org.springframework.boot.SpringApplication.refresh(SpringApplication.java:744) ~[spring-boot-2.1.8.RELEASE.jar:2.1.8.RELEASE]
	at org.springframework.boot.SpringApplication.refreshContext(SpringApplication.java:391) ~[spring-boot-2.1.8.RELEASE.jar:2.1.8.RELEASE]
	at org.springframework.boot.SpringApplication.run(SpringApplication.java:312) ~[spring-boot-2.1.8.RELEASE.jar:2.1.8.RELEASE]
	at org.springframework.boot.test.context.SpringBootContextLoader.loadContext(SpringBootContextLoader.java:120) [spring-boot-test-2.1.8.RELEASE.jar:2.1.8.RELEASE]
	at org.springframework.test.context.cache.DefaultCacheAwareContextLoaderDelegate.loadContextInternal(DefaultCacheAwareContextLoaderDelegate.java:99) [spring-test-5.1.9.RELEASE.jar:5.1.9.RELEASE]
	at org.springframework.test.context.cache.DefaultCacheAwareContextLoaderDelegate.loadContext(DefaultCacheAwareContextLoaderDelegate.java:117) [spring-test-5.1.9.RELEASE.jar:5.1.9.RELEASE]
	at org.springframework.test.context.support.DefaultTestContext.getApplicationContext(DefaultTestContext.java:108) [spring-test-5.1.9.RELEASE.jar:5.1.9.RELEASE]
	at org.springframework.test.context.web.ServletTestExecutionListener.setUpRequestContextIfNecessary(ServletTestExecutionListener.java:190) [spring-test-5.1.9.RELEASE.jar:5.1.9.RELEASE]
	at org.springframework.test.context.web.ServletTestExecutionListener.prepareTestInstance(ServletTestExecutionListener.java:132) [spring-test-5.1.9.RELEASE.jar:5.1.9.RELEASE]
	at org.springframework.test.context.TestContextManager.prepareTestInstance(TestContextManager.java:246) [spring-test-5.1.9.RELEASE.jar:5.1.9.RELEASE]
	at org.springframework.test.context.junit.jupiter.SpringExtension.postProcessTestInstance(SpringExtension.java:97) [spring-test-5.1.9.RELEASE.jar:5.1.9.RELEASE]
	at org.junit.jupiter.engine.descriptor.ClassTestDescriptor.lambda$invokeTestInstancePostProcessors$5(ClassTestDescriptor.java:349) [junit-jupiter-engine-5.3.2.jar:5.3.2]
	at org.junit.jupiter.engine.descriptor.JupiterTestDescriptor.executeAndMaskThrowable(JupiterTestDescriptor.java:215) ~[junit-jupiter-engine-5.3.2.jar:5.3.2]
	at org.junit.jupiter.engine.descriptor.ClassTestDescriptor.lambda$invokeTestInstancePostProcessors$6(ClassTestDescriptor.java:349) [junit-jupiter-engine-5.3.2.jar:5.3.2]
	at java.util.stream.ReferencePipeline$3$1.accept(ReferencePipeline.java:193) ~[na:1.8.0_221]
	at java.util.stream.ReferencePipeline$2$1.accept(ReferencePipeline.java:175) ~[na:1.8.0_221]
	at java.util.ArrayList$ArrayListSpliterator.forEachRemaining(ArrayList.java:1382) ~[na:1.8.0_221]
	at java.util.stream.AbstractPipeline.copyInto(AbstractPipeline.java:482) ~[na:1.8.0_221]
	at java.util.stream.AbstractPipeline.wrapAndCopyInto(AbstractPipeline.java:472) ~[na:1.8.0_221]
	at java.util.stream.StreamSpliterators$WrappingSpliterator.forEachRemaining(StreamSpliterators.java:312) ~[na:1.8.0_221]
	at java.util.stream.Streams$ConcatSpliterator.forEachRemaining(Streams.java:743) ~[na:1.8.0_221]
	at java.util.stream.Streams$ConcatSpliterator.forEachRemaining(Streams.java:742) ~[na:1.8.0_221]
	at java.util.stream.ReferencePipeline$Head.forEach(ReferencePipeline.java:580) ~[na:1.8.0_221]
	at org.junit.jupiter.engine.descriptor.ClassTestDescriptor.invokeTestInstancePostProcessors(ClassTestDescriptor.java:348) [junit-jupiter-engine-5.3.2.jar:5.3.2]
	at org.junit.jupiter.engine.descriptor.ClassTestDescriptor.instantiateAndPostProcessTestInstance(ClassTestDescriptor.java:270) [junit-jupiter-engine-5.3.2.jar:5.3.2]
	at org.junit.jupiter.engine.descriptor.ClassTestDescriptor.lambda$testInstanceProvider$2(ClassTestDescriptor.java:259) [junit-jupiter-engine-5.3.2.jar:5.3.2]
	at org.junit.jupiter.engine.descriptor.ClassTestDescriptor.lambda$testInstanceProvider$3(ClassTestDescriptor.java:263) [junit-jupiter-engine-5.3.2.jar:5.3.2]
	at java.util.Optional.orElseGet(Optional.java:267) ~[na:1.8.0_221]
	at org.junit.jupiter.engine.descriptor.ClassTestDescriptor.lambda$testInstanceProvider$4(ClassTestDescriptor.java:262) [junit-jupiter-engine-5.3.2.jar:5.3.2]
	at org.junit.jupiter.engine.descriptor.TestMethodTestDescriptor.prepare(TestMethodTestDescriptor.java:82) ~[junit-jupiter-engine-5.3.2.jar:5.3.2]
	at org.junit.jupiter.engine.descriptor.TestMethodTestDescriptor.prepare(TestMethodTestDescriptor.java:59) ~[junit-jupiter-engine-5.3.2.jar:5.3.2]
	at org.junit.platform.engine.support.hierarchical.NodeTestTask.lambda$prepare$0(NodeTestTask.java:83) ~[junit-platform-engine-1.3.2.jar:1.3.2]
	at org.junit.platform.engine.support.hierarchical.ThrowableCollector.execute(ThrowableCollector.java:72) ~[junit-platform-engine-1.3.2.jar:1.3.2]
	at org.junit.platform.engine.support.hierarchical.NodeTestTask.prepare(NodeTestTask.java:83) ~[junit-platform-engine-1.3.2.jar:1.3.2]
	at org.junit.platform.engine.support.hierarchical.NodeTestTask.execute(NodeTestTask.java:69) ~[junit-platform-engine-1.3.2.jar:1.3.2]
	at java.util.ArrayList.forEach(ArrayList.java:1257) ~[na:1.8.0_221]
	at org.junit.platform.engine.support.hierarchical.SameThreadHierarchicalTestExecutorService.invokeAll(SameThreadHierarchicalTestExecutorService.java:38) ~[junit-platform-engine-1.3.2.jar:1.3.2]
	at org.junit.platform.engine.support.hierarchical.NodeTestTask.lambda$executeRecursively$4(NodeTestTask.java:112) ~[junit-platform-engine-1.3.2.jar:1.3.2]
	at org.junit.platform.engine.support.hierarchical.ThrowableCollector.execute(ThrowableCollector.java:72) ~[junit-platform-engine-1.3.2.jar:1.3.2]
	at org.junit.platform.engine.support.hierarchical.NodeTestTask.executeRecursively(NodeTestTask.java:98) ~[junit-platform-engine-1.3.2.jar:1.3.2]
	at org.junit.platform.engine.support.hierarchical.NodeTestTask.execute(NodeTestTask.java:74) ~[junit-platform-engine-1.3.2.jar:1.3.2]
	at java.util.ArrayList.forEach(ArrayList.java:1257) ~[na:1.8.0_221]
	at org.junit.platform.engine.support.hierarchical.SameThreadHierarchicalTestExecutorService.invokeAll(SameThreadHierarchicalTestExecutorService.java:38) ~[junit-platform-engine-1.3.2.jar:1.3.2]
	at org.junit.platform.engine.support.hierarchical.NodeTestTask.lambda$executeRecursively$4(NodeTestTask.java:112) ~[junit-platform-engine-1.3.2.jar:1.3.2]
	at org.junit.platform.engine.support.hierarchical.ThrowableCollector.execute(ThrowableCollector.java:72) ~[junit-platform-engine-1.3.2.jar:1.3.2]
	at org.junit.platform.engine.support.hierarchical.NodeTestTask.executeRecursively(NodeTestTask.java:98) ~[junit-platform-engine-1.3.2.jar:1.3.2]
	at org.junit.platform.engine.support.hierarchical.NodeTestTask.execute(NodeTestTask.java:74) ~[junit-platform-engine-1.3.2.jar:1.3.2]
	at org.junit.platform.engine.support.hierarchical.SameThreadHierarchicalTestExecutorService.submit(SameThreadHierarchicalTestExecutorService.java:32) ~[junit-platform-engine-1.3.2.jar:1.3.2]
	at org.junit.platform.engine.support.hierarchical.HierarchicalTestExecutor.execute(HierarchicalTestExecutor.java:57) ~[junit-platform-engine-1.3.2.jar:1.3.2]
	at org.junit.platform.engine.support.hierarchical.HierarchicalTestEngine.execute(HierarchicalTestEngine.java:51) ~[junit-platform-engine-1.3.2.jar:1.3.2]
	at org.junit.platform.launcher.core.DefaultLauncher.execute(DefaultLauncher.java:220) ~[junit-platform-launcher-1.3.1.jar:1.3.1]
	at org.junit.platform.launcher.core.DefaultLauncher.lambda$execute$6(DefaultLauncher.java:188) ~[junit-platform-launcher-1.3.1.jar:1.3.1]
	at org.junit.platform.launcher.core.DefaultLauncher.withInterceptedStreams(DefaultLauncher.java:202) ~[junit-platform-launcher-1.3.1.jar:1.3.1]
	at org.junit.platform.launcher.core.DefaultLauncher.execute(DefaultLauncher.java:181) ~[junit-platform-launcher-1.3.1.jar:1.3.1]
	at org.junit.platform.launcher.core.DefaultLauncher.execute(DefaultLauncher.java:128) ~[junit-platform-launcher-1.3.1.jar:1.3.1]
	at org.apache.maven.surefire.junitplatform.JUnitPlatformProvider.invokeAllTests(JUnitPlatformProvider.java:150) ~[surefire-junit-platform-2.22.2.jar:2.22.2]
	at org.apache.maven.surefire.junitplatform.JUnitPlatformProvider.invoke(JUnitPlatformProvider.java:124) ~[surefire-junit-platform-2.22.2.jar:2.22.2]
	at org.apache.maven.surefire.booter.ForkedBooter.invokeProviderInSameClassLoader(ForkedBooter.java:384) ~[surefire-booter-2.22.2.jar:2.22.2]
	at org.apache.maven.surefire.booter.ForkedBooter.runSuitesInProcess(ForkedBooter.java:345) ~[surefire-booter-2.22.2.jar:2.22.2]
	at org.apache.maven.surefire.booter.ForkedBooter.execute(ForkedBooter.java:126) ~[surefire-booter-2.22.2.jar:2.22.2]
	at org.apache.maven.surefire.booter.ForkedBooter.main(ForkedBooter.java:418) ~[surefire-booter-2.22.2.jar:2.22.2]
Caused by: org.springframework.beans.BeanInstantiationException: Failed to instantiate [org.flywaydb.core.Flyway]: Factory method 'flyway' threw exception; nested exception is java.lang.IllegalStateException: Cannot find migrations location in: [classpath:db/migration] (please add migrations or check your Flyway configuration)
	at org.springframework.beans.factory.support.SimpleInstantiationStrategy.instantiate(SimpleInstantiationStrategy.java:185) ~[spring-beans-5.1.9.RELEASE.jar:5.1.9.RELEASE]
	at org.springframework.beans.factory.support.ConstructorResolver.instantiate(ConstructorResolver.java:622) ~[spring-beans-5.1.9.RELEASE.jar:5.1.9.RELEASE]
	... 75 common frames omitted
Caused by: java.lang.IllegalStateException: Cannot find migrations location in: [classpath:db/migration] (please add migrations or check your Flyway configuration)
	at org.springframework.util.Assert.state(Assert.java:94) ~[spring-core-5.1.9.RELEASE.jar:5.1.9.RELEASE]
	at org.springframework.boot.autoconfigure.flyway.FlywayAutoConfiguration$FlywayConfiguration.checkLocationExists(FlywayAutoConfiguration.java:184) ~[spring-boot-autoconfigure-2.1.8.RELEASE.jar:2.1.8.RELEASE]
	at org.springframework.boot.autoconfigure.flyway.FlywayAutoConfiguration$FlywayConfiguration.flyway(FlywayAutoConfiguration.java:149) ~[spring-boot-autoconfigure-2.1.8.RELEASE.jar:2.1.8.RELEASE]
	at org.springframework.boot.autoconfigure.flyway.FlywayAutoConfiguration$FlywayConfiguration$$EnhancerBySpringCGLIB$$b219b9f6.CGLIB$flyway$0(<generated>) ~[spring-boot-autoconfigure-2.1.8.RELEASE.jar:2.1.8.RELEASE]
	at org.springframework.boot.autoconfigure.flyway.FlywayAutoConfiguration$FlywayConfiguration$$EnhancerBySpringCGLIB$$b219b9f6$$FastClassBySpringCGLIB$$a7d146dd.invoke(<generated>) ~[spring-boot-autoconfigure-2.1.8.RELEASE.jar:2.1.8.RELEASE]
	at org.springframework.cglib.proxy.MethodProxy.invokeSuper(MethodProxy.java:244) ~[spring-core-5.1.9.RELEASE.jar:5.1.9.RELEASE]
	at org.springframework.context.annotation.ConfigurationClassEnhancer$BeanMethodInterceptor.intercept(ConfigurationClassEnhancer.java:363) ~[spring-context-5.1.9.RELEASE.jar:5.1.9.RELEASE]
	at org.springframework.boot.autoconfigure.flyway.FlywayAutoConfiguration$FlywayConfiguration$$EnhancerBySpringCGLIB$$b219b9f6.flyway(<generated>) ~[spring-boot-autoconfigure-2.1.8.RELEASE.jar:2.1.8.RELEASE]
	at sun.reflect.NativeMethodAccessorImpl.invoke0(Native Method) ~[na:1.8.0_221]
	at sun.reflect.NativeMethodAccessorImpl.invoke(NativeMethodAccessorImpl.java:62) ~[na:1.8.0_221]
	at sun.reflect.DelegatingMethodAccessorImpl.invoke(DelegatingMethodAccessorImpl.java:43) ~[na:1.8.0_221]
	at java.lang.reflect.Method.invoke(Method.java:498) ~[na:1.8.0_221]
	at org.springframework.beans.factory.support.SimpleInstantiationStrategy.instantiate(SimpleInstantiationStrategy.java:154) ~[spring-beans-5.1.9.RELEASE.jar:5.1.9.RELEASE]
	... 76 common frames omitted

2020-07-15 23:33:01.283 ERROR 4232 --- [           main] o.s.test.context.TestContextManager      : Caught exception while allowing TestExecutionListener [org.springframework.test.context.web.ServletTestExecutionListener@2c35e847] to prepare test instance [com.yihang.serp.SerpApplicationTests@595fed99]

java.lang.IllegalStateException: Failed to load ApplicationContext
	at org.springframework.test.context.cache.DefaultCacheAwareContextLoaderDelegate.loadContext(DefaultCacheAwareContextLoaderDelegate.java:125) ~[spring-test-5.1.9.RELEASE.jar:5.1.9.RELEASE]
	at org.springframework.test.context.support.DefaultTestContext.getApplicationContext(DefaultTestContext.java:108) ~[spring-test-5.1.9.RELEASE.jar:5.1.9.RELEASE]
	at org.springframework.test.context.web.ServletTestExecutionListener.setUpRequestContextIfNecessary(ServletTestExecutionListener.java:190) ~[spring-test-5.1.9.RELEASE.jar:5.1.9.RELEASE]
	at org.springframework.test.context.web.ServletTestExecutionListener.prepareTestInstance(ServletTestExecutionListener.java:132) ~[spring-test-5.1.9.RELEASE.jar:5.1.9.RELEASE]
	at org.springframework.test.context.TestContextManager.prepareTestInstance(TestContextManager.java:246) ~[spring-test-5.1.9.RELEASE.jar:5.1.9.RELEASE]
	at org.springframework.test.context.junit.jupiter.SpringExtension.postProcessTestInstance(SpringExtension.java:97) [spring-test-5.1.9.RELEASE.jar:5.1.9.RELEASE]
	at org.junit.jupiter.engine.descriptor.ClassTestDescriptor.lambda$invokeTestInstancePostProcessors$5(ClassTestDescriptor.java:349) [junit-jupiter-engine-5.3.2.jar:5.3.2]
	at org.junit.jupiter.engine.descriptor.JupiterTestDescriptor.executeAndMaskThrowable(JupiterTestDescriptor.java:215) ~[junit-jupiter-engine-5.3.2.jar:5.3.2]
	at org.junit.jupiter.engine.descriptor.ClassTestDescriptor.lambda$invokeTestInstancePostProcessors$6(ClassTestDescriptor.java:349) [junit-jupiter-engine-5.3.2.jar:5.3.2]
	at java.util.stream.ReferencePipeline$3$1.accept(ReferencePipeline.java:193) ~[na:1.8.0_221]
	at java.util.stream.ReferencePipeline$2$1.accept(ReferencePipeline.java:175) ~[na:1.8.0_221]
	at java.util.ArrayList$ArrayListSpliterator.forEachRemaining(ArrayList.java:1382) ~[na:1.8.0_221]
	at java.util.stream.AbstractPipeline.copyInto(AbstractPipeline.java:482) ~[na:1.8.0_221]
	at java.util.stream.AbstractPipeline.wrapAndCopyInto(AbstractPipeline.java:472) ~[na:1.8.0_221]
	at java.util.stream.StreamSpliterators$WrappingSpliterator.forEachRemaining(StreamSpliterators.java:312) ~[na:1.8.0_221]
	at java.util.stream.Streams$ConcatSpliterator.forEachRemaining(Streams.java:743) ~[na:1.8.0_221]
	at java.util.stream.Streams$ConcatSpliterator.forEachRemaining(Streams.java:742) ~[na:1.8.0_221]
	at java.util.stream.ReferencePipeline$Head.forEach(ReferencePipeline.java:580) ~[na:1.8.0_221]
	at org.junit.jupiter.engine.descriptor.ClassTestDescriptor.invokeTestInstancePostProcessors(ClassTestDescriptor.java:348) [junit-jupiter-engine-5.3.2.jar:5.3.2]
	at org.junit.jupiter.engine.descriptor.ClassTestDescriptor.instantiateAndPostProcessTestInstance(ClassTestDescriptor.java:270) [junit-jupiter-engine-5.3.2.jar:5.3.2]
	at org.junit.jupiter.engine.descriptor.ClassTestDescriptor.lambda$testInstanceProvider$2(ClassTestDescriptor.java:259) [junit-jupiter-engine-5.3.2.jar:5.3.2]
	at org.junit.jupiter.engine.descriptor.ClassTestDescriptor.lambda$testInstanceProvider$3(ClassTestDescriptor.java:263) [junit-jupiter-engine-5.3.2.jar:5.3.2]
	at java.util.Optional.orElseGet(Optional.java:267) ~[na:1.8.0_221]
	at org.junit.jupiter.engine.descriptor.ClassTestDescriptor.lambda$testInstanceProvider$4(ClassTestDescriptor.java:262) [junit-jupiter-engine-5.3.2.jar:5.3.2]
	at org.junit.jupiter.engine.descriptor.TestMethodTestDescriptor.prepare(TestMethodTestDescriptor.java:82) ~[junit-jupiter-engine-5.3.2.jar:5.3.2]
	at org.junit.jupiter.engine.descriptor.TestMethodTestDescriptor.prepare(TestMethodTestDescriptor.java:59) ~[junit-jupiter-engine-5.3.2.jar:5.3.2]
	at org.junit.platform.engine.support.hierarchical.NodeTestTask.lambda$prepare$0(NodeTestTask.java:83) ~[junit-platform-engine-1.3.2.jar:1.3.2]
	at org.junit.platform.engine.support.hierarchical.ThrowableCollector.execute(ThrowableCollector.java:72) ~[junit-platform-engine-1.3.2.jar:1.3.2]
	at org.junit.platform.engine.support.hierarchical.NodeTestTask.prepare(NodeTestTask.java:83) ~[junit-platform-engine-1.3.2.jar:1.3.2]
	at org.junit.platform.engine.support.hierarchical.NodeTestTask.execute(NodeTestTask.java:69) ~[junit-platform-engine-1.3.2.jar:1.3.2]
	at java.util.ArrayList.forEach(ArrayList.java:1257) ~[na:1.8.0_221]
	at org.junit.platform.engine.support.hierarchical.SameThreadHierarchicalTestExecutorService.invokeAll(SameThreadHierarchicalTestExecutorService.java:38) ~[junit-platform-engine-1.3.2.jar:1.3.2]
	at org.junit.platform.engine.support.hierarchical.NodeTestTask.lambda$executeRecursively$4(NodeTestTask.java:112) ~[junit-platform-engine-1.3.2.jar:1.3.2]
	at org.junit.platform.engine.support.hierarchical.ThrowableCollector.execute(ThrowableCollector.java:72) ~[junit-platform-engine-1.3.2.jar:1.3.2]
	at org.junit.platform.engine.support.hierarchical.NodeTestTask.executeRecursively(NodeTestTask.java:98) ~[junit-platform-engine-1.3.2.jar:1.3.2]
	at org.junit.platform.engine.support.hierarchical.NodeTestTask.execute(NodeTestTask.java:74) ~[junit-platform-engine-1.3.2.jar:1.3.2]
	at java.util.ArrayList.forEach(ArrayList.java:1257) ~[na:1.8.0_221]
	at org.junit.platform.engine.support.hierarchical.SameThreadHierarchicalTestExecutorService.invokeAll(SameThreadHierarchicalTestExecutorService.java:38) ~[junit-platform-engine-1.3.2.jar:1.3.2]
	at org.junit.platform.engine.support.hierarchical.NodeTestTask.lambda$executeRecursively$4(NodeTestTask.java:112) ~[junit-platform-engine-1.3.2.jar:1.3.2]
	at org.junit.platform.engine.support.hierarchical.ThrowableCollector.execute(ThrowableCollector.java:72) ~[junit-platform-engine-1.3.2.jar:1.3.2]
	at org.junit.platform.engine.support.hierarchical.NodeTestTask.executeRecursively(NodeTestTask.java:98) ~[junit-platform-engine-1.3.2.jar:1.3.2]
	at org.junit.platform.engine.support.hierarchical.NodeTestTask.execute(NodeTestTask.java:74) ~[junit-platform-engine-1.3.2.jar:1.3.2]
	at org.junit.platform.engine.support.hierarchical.SameThreadHierarchicalTestExecutorService.submit(SameThreadHierarchicalTestExecutorService.java:32) ~[junit-platform-engine-1.3.2.jar:1.3.2]
	at org.junit.platform.engine.support.hierarchical.HierarchicalTestExecutor.execute(HierarchicalTestExecutor.java:57) ~[junit-platform-engine-1.3.2.jar:1.3.2]
	at org.junit.platform.engine.support.hierarchical.HierarchicalTestEngine.execute(HierarchicalTestEngine.java:51) ~[junit-platform-engine-1.3.2.jar:1.3.2]
	at org.junit.platform.launcher.core.DefaultLauncher.execute(DefaultLauncher.java:220) ~[junit-platform-launcher-1.3.1.jar:1.3.1]
	at org.junit.platform.launcher.core.DefaultLauncher.lambda$execute$6(DefaultLauncher.java:188) ~[junit-platform-launcher-1.3.1.jar:1.3.1]
	at org.junit.platform.launcher.core.DefaultLauncher.withInterceptedStreams(DefaultLauncher.java:202) ~[junit-platform-launcher-1.3.1.jar:1.3.1]
	at org.junit.platform.launcher.core.DefaultLauncher.execute(DefaultLauncher.java:181) ~[junit-platform-launcher-1.3.1.jar:1.3.1]
	at org.junit.platform.launcher.core.DefaultLauncher.execute(DefaultLauncher.java:128) ~[junit-platform-launcher-1.3.1.jar:1.3.1]
	at org.apache.maven.surefire.junitplatform.JUnitPlatformProvider.invokeAllTests(JUnitPlatformProvider.java:150) ~[surefire-junit-platform-2.22.2.jar:2.22.2]
	at org.apache.maven.surefire.junitplatform.JUnitPlatformProvider.invoke(JUnitPlatformProvider.java:124) ~[surefire-junit-platform-2.22.2.jar:2.22.2]
	at org.apache.maven.surefire.booter.ForkedBooter.invokeProviderInSameClassLoader(ForkedBooter.java:384) ~[surefire-booter-2.22.2.jar:2.22.2]
	at org.apache.maven.surefire.booter.ForkedBooter.runSuitesInProcess(ForkedBooter.java:345) ~[surefire-booter-2.22.2.jar:2.22.2]
	at org.apache.maven.surefire.booter.ForkedBooter.execute(ForkedBooter.java:126) ~[surefire-booter-2.22.2.jar:2.22.2]
	at org.apache.maven.surefire.booter.ForkedBooter.main(ForkedBooter.java:418) ~[surefire-booter-2.22.2.jar:2.22.2]
Caused by: org.springframework.beans.factory.BeanCreationException: Error creating bean with name 'flyway' defined in class path resource [org/springframework/boot/autoconfigure/flyway/FlywayAutoConfiguration$FlywayConfiguration.class]: Bean instantiation via factory method failed; nested exception is org.springframework.beans.BeanInstantiationException: Failed to instantiate [org.flywaydb.core.Flyway]: Factory method 'flyway' threw exception; nested exception is java.lang.IllegalStateException: Cannot find migrations location in: [classpath:db/migration] (please add migrations or check your Flyway configuration)
	at org.springframework.beans.factory.support.ConstructorResolver.instantiate(ConstructorResolver.java:627) ~[spring-beans-5.1.9.RELEASE.jar:5.1.9.RELEASE]
	at org.springframework.beans.factory.support.ConstructorResolver.instantiateUsingFactoryMethod(ConstructorResolver.java:456) ~[spring-beans-5.1.9.RELEASE.jar:5.1.9.RELEASE]
	at org.springframework.beans.factory.support.AbstractAutowireCapableBeanFactory.instantiateUsingFactoryMethod(AbstractAutowireCapableBeanFactory.java:1321) ~[spring-beans-5.1.9.RELEASE.jar:5.1.9.RELEASE]
	at org.springframework.beans.factory.support.AbstractAutowireCapableBeanFactory.createBeanInstance(AbstractAutowireCapableBeanFactory.java:1160) ~[spring-beans-5.1.9.RELEASE.jar:5.1.9.RELEASE]
	at org.springframework.beans.factory.support.AbstractAutowireCapableBeanFactory.doCreateBean(AbstractAutowireCapableBeanFactory.java:555) ~[spring-beans-5.1.9.RELEASE.jar:5.1.9.RELEASE]
	at org.springframework.beans.factory.support.AbstractAutowireCapableBeanFactory.createBean(AbstractAutowireCapableBeanFactory.java:515) ~[spring-beans-5.1.9.RELEASE.jar:5.1.9.RELEASE]
	at org.springframework.beans.factory.support.AbstractBeanFactory.lambda$doGetBean$0(AbstractBeanFactory.java:320) ~[spring-beans-5.1.9.RELEASE.jar:5.1.9.RELEASE]
	at org.springframework.beans.factory.support.DefaultSingletonBeanRegistry.getSingleton(DefaultSingletonBeanRegistry.java:222) ~[spring-beans-5.1.9.RELEASE.jar:5.1.9.RELEASE]
	at org.springframework.beans.factory.support.AbstractBeanFactory.doGetBean(AbstractBeanFactory.java:318) ~[spring-beans-5.1.9.RELEASE.jar:5.1.9.RELEASE]
	at org.springframework.beans.factory.support.AbstractBeanFactory.getBean(AbstractBeanFactory.java:199) ~[spring-beans-5.1.9.RELEASE.jar:5.1.9.RELEASE]
	at org.springframework.beans.factory.support.AbstractBeanFactory.doGetBean(AbstractBeanFactory.java:307) ~[spring-beans-5.1.9.RELEASE.jar:5.1.9.RELEASE]
	at org.springframework.beans.factory.support.AbstractBeanFactory.getBean(AbstractBeanFactory.java:199) ~[spring-beans-5.1.9.RELEASE.jar:5.1.9.RELEASE]
	at org.springframework.beans.factory.support.DefaultListableBeanFactory.preInstantiateSingletons(DefaultListableBeanFactory.java:845) ~[spring-beans-5.1.9.RELEASE.jar:5.1.9.RELEASE]
	at org.springframework.context.support.AbstractApplicationContext.finishBeanFactoryInitialization(AbstractApplicationContext.java:877) ~[spring-context-5.1.9.RELEASE.jar:5.1.9.RELEASE]
	at org.springframework.context.support.AbstractApplicationContext.refresh(AbstractApplicationContext.java:549) ~[spring-context-5.1.9.RELEASE.jar:5.1.9.RELEASE]
	at org.springframework.boot.SpringApplication.refresh(SpringApplication.java:744) ~[spring-boot-2.1.8.RELEASE.jar:2.1.8.RELEASE]
	at org.springframework.boot.SpringApplication.refreshContext(SpringApplication.java:391) ~[spring-boot-2.1.8.RELEASE.jar:2.1.8.RELEASE]
	at org.springframework.boot.SpringApplication.run(SpringApplication.java:312) ~[spring-boot-2.1.8.RELEASE.jar:2.1.8.RELEASE]
	at org.springframework.boot.test.context.SpringBootContextLoader.loadContext(SpringBootContextLoader.java:120) ~[spring-boot-test-2.1.8.RELEASE.jar:2.1.8.RELEASE]
	at org.springframework.test.context.cache.DefaultCacheAwareContextLoaderDelegate.loadContextInternal(DefaultCacheAwareContextLoaderDelegate.java:99) ~[spring-test-5.1.9.RELEASE.jar:5.1.9.RELEASE]
	at org.springframework.test.context.cache.DefaultCacheAwareContextLoaderDelegate.loadContext(DefaultCacheAwareContextLoaderDelegate.java:117) ~[spring-test-5.1.9.RELEASE.jar:5.1.9.RELEASE]
	... 55 common frames omitted
Caused by: org.springframework.beans.BeanInstantiationException: Failed to instantiate [org.flywaydb.core.Flyway]: Factory method 'flyway' threw exception; nested exception is java.lang.IllegalStateException: Cannot find migrations location in: [classpath:db/migration] (please add migrations or check your Flyway configuration)
	at org.springframework.beans.factory.support.SimpleInstantiationStrategy.instantiate(SimpleInstantiationStrategy.java:185) ~[spring-beans-5.1.9.RELEASE.jar:5.1.9.RELEASE]
	at org.springframework.beans.factory.support.ConstructorResolver.instantiate(ConstructorResolver.java:622) ~[spring-beans-5.1.9.RELEASE.jar:5.1.9.RELEASE]
	... 75 common frames omitted
Caused by: java.lang.IllegalStateException: Cannot find migrations location in: [classpath:db/migration] (please add migrations or check your Flyway configuration)
	at org.springframework.util.Assert.state(Assert.java:94) ~[spring-core-5.1.9.RELEASE.jar:5.1.9.RELEASE]
	at org.springframework.boot.autoconfigure.flyway.FlywayAutoConfiguration$FlywayConfiguration.checkLocationExists(FlywayAutoConfiguration.java:184) ~[spring-boot-autoconfigure-2.1.8.RELEASE.jar:2.1.8.RELEASE]
	at org.springframework.boot.autoconfigure.flyway.FlywayAutoConfiguration$FlywayConfiguration.flyway(FlywayAutoConfiguration.java:149) ~[spring-boot-autoconfigure-2.1.8.RELEASE.jar:2.1.8.RELEASE]
	at org.springframework.boot.autoconfigure.flyway.FlywayAutoConfiguration$FlywayConfiguration$$EnhancerBySpringCGLIB$$b219b9f6.CGLIB$flyway$0(<generated>) ~[spring-boot-autoconfigure-2.1.8.RELEASE.jar:2.1.8.RELEASE]
	at org.springframework.boot.autoconfigure.flyway.FlywayAutoConfiguration$FlywayConfiguration$$EnhancerBySpringCGLIB$$b219b9f6$$FastClassBySpringCGLIB$$a7d146dd.invoke(<generated>) ~[spring-boot-autoconfigure-2.1.8.RELEASE.jar:2.1.8.RELEASE]
	at org.springframework.cglib.proxy.MethodProxy.invokeSuper(MethodProxy.java:244) ~[spring-core-5.1.9.RELEASE.jar:5.1.9.RELEASE]
	at org.springframework.context.annotation.ConfigurationClassEnhancer$BeanMethodInterceptor.intercept(ConfigurationClassEnhancer.java:363) ~[spring-context-5.1.9.RELEASE.jar:5.1.9.RELEASE]
	at org.springframework.boot.autoconfigure.flyway.FlywayAutoConfiguration$FlywayConfiguration$$EnhancerBySpringCGLIB$$b219b9f6.flyway(<generated>) ~[spring-boot-autoconfigure-2.1.8.RELEASE.jar:2.1.8.RELEASE]
	at sun.reflect.NativeMethodAccessorImpl.invoke0(Native Method) ~[na:1.8.0_221]
	at sun.reflect.NativeMethodAccessorImpl.invoke(NativeMethodAccessorImpl.java:62) ~[na:1.8.0_221]
	at sun.reflect.DelegatingMethodAccessorImpl.invoke(DelegatingMethodAccessorImpl.java:43) ~[na:1.8.0_221]
	at java.lang.reflect.Method.invoke(Method.java:498) ~[na:1.8.0_221]
	at org.springframework.beans.factory.support.SimpleInstantiationStrategy.instantiate(SimpleInstantiationStrategy.java:154) ~[spring-beans-5.1.9.RELEASE.jar:5.1.9.RELEASE]
	... 76 common frames omitted

]]></system-out>
  </testcase>
</testsuite>